#
# There is insufficient memory for the Java Runtime Environment to continue.
# Native memory allocation (mmap) failed to map 204472320 bytes for committing reserved memory.
# Possible reasons:
#   The system is out of physical RAM or swap space
#   The process is running with CompressedOops enabled, and the Java Heap may be blocking the growth of the native heap
# Possible solutions:
#   Reduce memory load on the system
#   Increase physical memory or swap space
#   Check if swap backing store is full
#   Decrease Java heap size (-Xmx/-Xms)
#   Decrease number of Java threads
#   Decrease Java thread stack sizes (-Xss)
#   Set larger code cache with -XX:ReservedCodeCacheSize=
#   JVM is running with Unscaled Compressed Oops mode in which the Java heap is
#     placed in the first 4GB address space. The Java Heap base address is the
#     maximum limit for the native heap growth. Please use -XX:HeapBaseMinAddress
#     to set the Java Heap base and to place the Java Heap above 4GB virtual address.
# This output file may be truncated or incomplete.
#
#  Out of Memory Error (os_linux.cpp:2757), pid=8724, tid=0x00007f1b6f4f4700
#
# JRE version: OpenJDK Runtime Environment (8.0_222-b10) (build 1.8.0_222-8u222-b10-1ubuntu1~18.04.1-b10)
# Java VM: OpenJDK 64-Bit Server VM (25.222-b10 mixed mode linux-amd64 compressed oops)
# Failed to write core dump. Core dumps have been disabled. To enable core dumping, try "ulimit -c unlimited" before starting Java again
#

---------------  T H R E A D  ---------------

Current thread (0x00007f1b94079000):  VMThread [stack: 0x00007f1b6f3f5000,0x00007f1b6f4f5000] [id=8734]

Stack: [0x00007f1b6f3f5000,0x00007f1b6f4f5000],  sp=0x00007f1b6f4f3460,  free space=1017k
Native frames: (J=compiled Java code, j=interpreted, Vv=VM code, C=native code)
V  [libjvm.so+0xab8992]
V  [libjvm.so+0x4dbfd7]
V  [libjvm.so+0x8f33a0]
V  [libjvm.so+0x8ea46e]
V  [libjvm.so+0x96e106]
V  [libjvm.so+0x95cdaa]
V  [libjvm.so+0x95cf78]
V  [libjvm.so+0x95db80]
V  [libjvm.so+0x963f1c]
V  [libjvm.so+0x96bfd5]
V  [libjvm.so+0x91a5a8]
V  [libjvm.so+0xaba662]
V  [libjvm.so+0xabf1d6]
V  [libjvm.so+0xabd4d5]
V  [libjvm.so+0xabddad]
V  [libjvm.so+0xabe1b8]
V  [libjvm.so+0x8f0732]

VM_Operation (0x00007f1b352c9740): ParallelGCFailedAllocation, mode: safepoint, requested by thread 0x00007f1b280ae800


---------------  P R O C E S S  ---------------

Java Threads: ( => current thread )
  0x00007f1b280b5000 JavaThread "Thread-16" [_thread_blocked, id=8765, stack(0x00007f1b349c2000,0x00007f1b34ac3000)]
  0x00007f1b280b3000 JavaThread "Thread-15" [_thread_blocked, id=8764, stack(0x00007f1b34ac3000,0x00007f1b34bc4000)]
  0x00007f1b280ab800 JavaThread "Thread-14" [_thread_blocked, id=8763, stack(0x00007f1b34bc4000,0x00007f1b34cc5000)]
  0x00007f1b28064800 JavaThread "Thread-13" [_thread_blocked, id=8762, stack(0x00007f1b34cc5000,0x00007f1b34dc6000)]
  0x00007f1b28062800 JavaThread "Thread-12" [_thread_blocked, id=8761, stack(0x00007f1b34dc6000,0x00007f1b34ec7000)]
  0x00007f1b28060800 JavaThread "Thread-11" [_thread_blocked, id=8760, stack(0x00007f1b34ec7000,0x00007f1b34fc8000)]
  0x00007f1b2805f000 JavaThread "Thread-10" [_thread_blocked, id=8759, stack(0x00007f1b34fc8000,0x00007f1b350c9000)]
  0x00007f1b2805d800 JavaThread "Thread-9" [_thread_blocked, id=8758, stack(0x00007f1b350c9000,0x00007f1b351ca000)]
  0x00007f1b280ae800 JavaThread "Thread-8" [_thread_blocked, id=8757, stack(0x00007f1b351ca000,0x00007f1b352cb000)]
  0x00007f1b280ad800 JavaThread "Thread-7" [_thread_blocked, id=8756, stack(0x00007f1b352cb000,0x00007f1b353cc000)]
  0x00007f1b280ac800 JavaThread "Thread-6" [_thread_blocked, id=8755, stack(0x00007f1b353cc000,0x00007f1b354cd000)]
  0x00007f1b280a7000 JavaThread "Thread-5" [_thread_blocked, id=8754, stack(0x00007f1b354cd000,0x00007f1b355ce000)]
  0x00007f1b280a5000 JavaThread "Thread-4" [_thread_blocked, id=8753, stack(0x00007f1b3583a000,0x00007f1b3593b000)]
  0x00007f1b280a3800 JavaThread "Thread-3" [_thread_blocked, id=8752, stack(0x00007f1b3593b000,0x00007f1b35a3c000)]
  0x00007f1b2c003800 JavaThread "Thread-0" daemon [_thread_blocked, id=8749, stack(0x00007f1b35c3d000,0x00007f1b3643d000)]
  0x00007f1b9400b800 JavaThread "DestroyJavaVM" [_thread_blocked, id=8726, stack(0x00007f1b9c563000,0x00007f1b9c663000)]
  0x00007f1b94373800 JavaThread "AWT-EventQueue-1" [_thread_blocked, id=8748, stack(0x00007f1b3643d000,0x00007f1b3653e000)]
  0x00007f1b94372800 JavaThread "AWT-Shutdown" [_thread_blocked, id=8747, stack(0x00007f1b3653e000,0x00007f1b3663f000)]
  0x00007f1b94285000 JavaThread "AWT-XAWT" daemon [_thread_blocked, id=8744, stack(0x00007f1b6c01a000,0x00007f1b6c11b000)]
  0x00007f1b94263800 JavaThread "Java2D Disposer" daemon [_thread_blocked, id=8743, stack(0x00007f1b6c52b000,0x00007f1b6c62c000)]
  0x00007f1b940c1000 JavaThread "Service Thread" daemon [_thread_blocked, id=8741, stack(0x00007f1b6e799000,0x00007f1b6e89a000)]
  0x00007f1b940be000 JavaThread "C1 CompilerThread2" daemon [_thread_blocked, id=8740, stack(0x00007f1b6e89b000,0x00007f1b6e99b000)]
  0x00007f1b940bc000 JavaThread "C2 CompilerThread1" daemon [_thread_blocked, id=8739, stack(0x00007f1b6e99c000,0x00007f1b6ea9c000)]
  0x00007f1b940b9800 JavaThread "C2 CompilerThread0" daemon [_thread_blocked, id=8738, stack(0x00007f1b6ea9d000,0x00007f1b6eb9d000)]
  0x00007f1b940b8000 JavaThread "Signal Dispatcher" daemon [_thread_blocked, id=8737, stack(0x00007f1b6eb9d000,0x00007f1b6ec9e000)]
  0x00007f1b94085800 JavaThread "Finalizer" daemon [_thread_blocked, id=8736, stack(0x00007f1b6f1f2000,0x00007f1b6f2f3000)]
  0x00007f1b94083000 JavaThread "Reference Handler" daemon [_thread_blocked, id=8735, stack(0x00007f1b6f2f3000,0x00007f1b6f3f4000)]

Other Threads:
=>0x00007f1b94079000 VMThread [stack: 0x00007f1b6f3f5000,0x00007f1b6f4f5000] [id=8734]
  0x00007f1b940c3800 WatcherThread [stack: 0x00007f1b6e699000,0x00007f1b6e799000] [id=8742]

VM state:at safepoint (normal execution)

VM Mutex/Monitor currently owned by a thread:  ([mutex/lock_event])
[0x00007f1b94007680] ExpandHeap_lock - owner thread: 0x00007f1b94079000
[0x00007f1b94007d00] Threads_lock - owner thread: 0x00007f1b94079000
[0x00007f1b94008200] Heap_lock - owner thread: 0x00007f1b280ae800

heap address: 0x0000000085400000, size: 1964 MB, Compressed Oops mode: 32-bit
Narrow klass base: 0x0000000000000000, Narrow klass shift: 3
Compressed class space size: 1073741824 Address: 0x0000000100000000

Heap:
 PSYoungGen      total 477184K, used 0K [0x00000000d7180000, 0x0000000100000000, 0x0000000100000000)
  eden space 284160K, 0% used [0x00000000d7180000,0x00000000d7180000,0x00000000e8700000)
  from space 193024K, 0% used [0x00000000e8700000,0x00000000e8700000,0x00000000f4380000)
  to   space 180736K, 0% used [0x00000000f4f80000,0x00000000f4f80000,0x0000000100000000)
 ParOldGen       total 529408K, used 499692K [0x0000000085400000, 0x00000000a5900000, 0x00000000d7180000)
  object space 529408K, 94% used [0x0000000085400000,0x00000000a3bfb180,0x00000000a5900000)
 Metaspace       used 13827K, capacity 14054K, committed 14336K, reserved 1062912K
  class space    used 1587K, capacity 1717K, committed 1792K, reserved 1048576K

Card table byte_map: [0x00007f1b98737000,0x00007f1b98b0e000] byte_map_base: 0x00007f1b9830d000

Marking Bits: (ParMarkBitMap*) 0x00007f1b9b80d360
 Begin Bits: [0x00007f1b742a0000, 0x00007f1b76150000)
 End Bits:   [0x00007f1b76150000, 0x00007f1b78000000)

Polling page: 0x00007f1b9c68e000

CodeCache: size=245760Kb used=6779Kb max_used=6832Kb free=238980Kb
 bounds [0x00007f1b85000000, 0x00007f1b856c0000, 0x00007f1b94000000]
 total_blobs=2292 nmethods=1732 adapters=474
 compilation: enabled

Compilation events (10 events):
Event: 78,382 Thread 0x00007f1b940b9800 nmethod 1761 0x00007f1b85108750 code [0x00007f1b851088a0, 0x00007f1b851089f8]
Event: 78,382 Thread 0x00007f1b940bc000 nmethod 1760 0x00007f1b85173d90 code [0x00007f1b85173f00, 0x00007f1b85174098]
Event: 82,300 Thread 0x00007f1b940be000 1762       3       java.lang.System::checkKey (34 bytes)
Event: 82,300 Thread 0x00007f1b940be000 nmethod 1762 0x00007f1b851c8910 code [0x00007f1b851c8ac0, 0x00007f1b851c8ea8]
Event: 86,578 Thread 0x00007f1b940be000 1763       3       java.util.LinkedHashMap::newNode (23 bytes)
Event: 86,579 Thread 0x00007f1b940be000 nmethod 1763 0x00007f1b851ce110 code [0x00007f1b851ce2a0, 0x00007f1b851ce6d0]
Event: 86,579 Thread 0x00007f1b940be000 1764       3       java.util.LinkedHashMap::linkNodeLast (33 bytes)
Event: 86,579 Thread 0x00007f1b940be000 nmethod 1764 0x00007f1b85173950 code [0x00007f1b85173ac0, 0x00007f1b85173cd0]
Event: 86,579 Thread 0x00007f1b940be000 1765       3       java.util.LinkedHashMap::afterNodeInsertion (40 bytes)
Event: 86,579 Thread 0x00007f1b940be000 nmethod 1765 0x00007f1b851cf010 code [0x00007f1b851cf1c0, 0x00007f1b851cf708]

GC Heap History (10 events):
Event: 76,651 GC heap after
Heap after GC invocations=23 (full 3):
 PSYoungGen      total 469504K, used 109568K [0x00000000d7180000, 0x0000000100000000, 0x0000000100000000)
  eden space 359936K, 0% used [0x00000000d7180000,0x00000000d7180000,0x00000000ed100000)
  from space 109568K, 100% used [0x00000000f8c00000,0x00000000ff700000,0x00000000ff700000)
  to   space 155136K, 0% used [0x00000000ed100000,0x00000000ed100000,0x00000000f6880000)
 ParOldGen       total 344064K, used 315413K [0x0000000085400000, 0x000000009a400000, 0x00000000d7180000)
  object space 344064K, 91% used [0x0000000085400000,0x00000000988054b8,0x000000009a400000)
 Metaspace       used 13827K, capacity 14054K, committed 14336K, reserved 1062912K
  class space    used 1587K, capacity 1717K, committed 1792K, reserved 1048576K
}
Event: 76,651 GC heap before
{Heap before GC invocations=24 (full 4):
 PSYoungGen      total 469504K, used 109568K [0x00000000d7180000, 0x0000000100000000, 0x0000000100000000)
  eden space 359936K, 0% used [0x00000000d7180000,0x00000000d7180000,0x00000000ed100000)
  from space 109568K, 100% used [0x00000000f8c00000,0x00000000ff700000,0x00000000ff700000)
  to   space 155136K, 0% used [0x00000000ed100000,0x00000000ed100000,0x00000000f6880000)
 ParOldGen       total 344064K, used 315413K [0x0000000085400000, 0x000000009a400000, 0x00000000d7180000)
  object space 344064K, 91% used [0x0000000085400000,0x00000000988054b8,0x000000009a400000)
 Metaspace       used 13827K, capacity 14054K, committed 14336K, reserved 1062912K
  class space    used 1587K, capacity 1717K, committed 1792K, reserved 1048576K
Event: 78,380 GC heap after
Heap after GC invocations=24 (full 4):
 PSYoungGen      total 469504K, used 7672K [0x00000000d7180000, 0x0000000100000000, 0x0000000100000000)
  eden space 359936K, 0% used [0x00000000d7180000,0x00000000d7180000,0x00000000ed100000)
  from space 109568K, 7% used [0x00000000f8c00000,0x00000000f937e200,0x00000000ff700000)
  to   space 155136K, 0% used [0x00000000ed100000,0x00000000ed100000,0x00000000f6880000)
 ParOldGen       total 507904K, used 343687K [0x0000000085400000, 0x00000000a4400000, 0x00000000d7180000)
  object space 507904K, 67% used [0x0000000085400000,0x000000009a3a1c20,0x00000000a4400000)
 Metaspace       used 13827K, capacity 14054K, committed 14336K, reserved 1062912K
  class space    used 1587K, capacity 1717K, committed 1792K, reserved 1048576K
}
Event: 81,960 GC heap before
{Heap before GC invocations=25 (full 4):
 PSYoungGen      total 469504K, used 367608K [0x00000000d7180000, 0x0000000100000000, 0x0000000100000000)
  eden space 359936K, 100% used [0x00000000d7180000,0x00000000ed100000,0x00000000ed100000)
  from space 109568K, 7% used [0x00000000f8c00000,0x00000000f937e200,0x00000000ff700000)
  to   space 155136K, 0% used [0x00000000ed100000,0x00000000ed100000,0x00000000f6880000)
 ParOldGen       total 507904K, used 343687K [0x0000000085400000, 0x00000000a4400000, 0x00000000d7180000)
  object space 507904K, 67% used [0x0000000085400000,0x000000009a3a1c20,0x00000000a4400000)
 Metaspace       used 13827K, capacity 14054K, committed 14336K, reserved 1062912K
  class space    used 1587K, capacity 1717K, committed 1792K, reserved 1048576K
Event: 82,300 GC heap after
Heap after GC invocations=25 (full 4):
 PSYoungGen      total 450048K, used 89632K [0x00000000d7180000, 0x0000000100000000, 0x0000000100000000)
  eden space 359936K, 0% used [0x00000000d7180000,0x00000000d7180000,0x00000000ed100000)
  from space 90112K, 99% used [0x00000000ed100000,0x00000000f2888000,0x00000000f2900000)
  to   space 158720K, 0% used [0x00000000f6500000,0x00000000f6500000,0x0000000100000000)
 ParOldGen       total 507904K, used 351407K [0x0000000085400000, 0x00000000a4400000, 0x00000000d7180000)
  object space 507904K, 69% used [0x0000000085400000,0x000000009ab2bc20,0x00000000a4400000)
 Metaspace       used 13827K, capacity 14054K, committed 14336K, reserved 1062912K
  class space    used 1587K, capacity 1717K, committed 1792K, reserved 1048576K
}
Event: 85,983 GC heap before
{Heap before GC invocations=26 (full 4):
 PSYoungGen      total 450048K, used 449568K [0x00000000d7180000, 0x0000000100000000, 0x0000000100000000)
  eden space 359936K, 100% used [0x00000000d7180000,0x00000000ed100000,0x00000000ed100000)
  from space 90112K, 99% used [0x00000000ed100000,0x00000000f2888000,0x00000000f2900000)
  to   space 158720K, 0% used [0x00000000f6500000,0x00000000f6500000,0x0000000100000000)
 ParOldGen       total 507904K, used 351407K [0x0000000085400000, 0x00000000a4400000, 0x00000000d7180000)
  object space 507904K, 69% used [0x0000000085400000,0x000000009ab2bc20,0x00000000a4400000)
 Metaspace       used 13827K, capacity 14054K, committed 14336K, reserved 1062912K
  class space    used 1587K, capacity 1717K, committed 1792K, reserved 1048576K
Event: 86,578 GC heap after
Heap after GC invocations=26 (full 4):
 PSYoungGen      total 442880K, used 158720K [0x00000000d7180000, 0x0000000100000000, 0x0000000100000000)
  eden space 284160K, 0% used [0x00000000d7180000,0x00000000d7180000,0x00000000e8700000)
  from space 158720K, 100% used [0x00000000f6500000,0x0000000100000000,0x0000000100000000)
  to   space 193024K, 0% used [0x00000000e8700000,0x00000000e8700000,0x00000000f4380000)
 ParOldGen       total 507904K, used 369775K [0x0000000085400000, 0x00000000a4400000, 0x00000000d7180000)
  object space 507904K, 72% used [0x0000000085400000,0x000000009bd1bc20,0x00000000a4400000)
 Metaspace       used 13827K, capacity 14054K, committed 14336K, reserved 1062912K
  class space    used 1587K, capacity 1717K, committed 1792K, reserved 1048576K
}
Event: 89,541 GC heap before
{Heap before GC invocations=27 (full 4):
 PSYoungGen      total 442880K, used 442880K [0x00000000d7180000, 0x0000000100000000, 0x0000000100000000)
  eden space 284160K, 100% used [0x00000000d7180000,0x00000000e8700000,0x00000000e8700000)
  from space 158720K, 100% used [0x00000000f6500000,0x0000000100000000,0x0000000100000000)
  to   space 193024K, 0% used [0x00000000e8700000,0x00000000e8700000,0x00000000f4380000)
 ParOldGen       total 507904K, used 369775K [0x0000000085400000, 0x00000000a4400000, 0x00000000d7180000)
  object space 507904K, 72% used [0x0000000085400000,0x000000009bd1bc20,0x00000000a4400000)
 Metaspace       used 13827K, capacity 14054K, committed 14336K, reserved 1062912K
  class space    used 1587K, capacity 1717K, committed 1792K, reserved 1048576K
Event: 90,308 GC heap after
Heap after GC invocations=27 (full 4):
 PSYoungGen      total 477184K, used 68512K [0x00000000d7180000, 0x0000000100000000, 0x0000000100000000)
  eden space 284160K, 0% used [0x00000000d7180000,0x00000000d7180000,0x00000000e8700000)
  from space 193024K, 35% used [0x00000000e8700000,0x00000000ec9e8000,0x00000000f4380000)
  to   space 180736K, 0% used [0x00000000f4f80000,0x00000000f4f80000,0x0000000100000000)
 ParOldGen       total 529408K, used 528951K [0x0000000085400000, 0x00000000a5900000, 0x00000000d7180000)
  object space 529408K, 99% used [0x0000000085400000,0x00000000a588dc20,0x00000000a5900000)
 Metaspace       used 13827K, capacity 14054K, committed 14336K, reserved 1062912K
  class space    used 1587K, capacity 1717K, committed 1792K, reserved 1048576K
}
Event: 90,323 GC heap before
{Heap before GC invocations=28 (full 5):
 PSYoungGen      total 477184K, used 68512K [0x00000000d7180000, 0x0000000100000000, 0x0000000100000000)
  eden space 284160K, 0% used [0x00000000d7180000,0x00000000d7180000,0x00000000e8700000)
  from space 193024K, 35% used [0x00000000e8700000,0x00000000ec9e8000,0x00000000f4380000)
  to   space 180736K, 0% used [0x00000000f4f80000,0x00000000f4f80000,0x0000000100000000)
 ParOldGen       total 529408K, used 528951K [0x0000000085400000, 0x00000000a5900000, 0x00000000d7180000)
  object space 529408K, 99% used [0x0000000085400000,0x00000000a588dc20,0x00000000a5900000)
 Metaspace       used 13827K, capacity 14054K, committed 14336K, reserved 1062912K
  class space    used 1587K, capacity 1717K, committed 1792K, reserved 1048576K

Deoptimization events (9 events):
Event: 0,472 Thread 0x00007f1b94373800 Uncommon trap: reason=unstable_if action=reinterpret pc=0x00007f1b851cf434 method=java.lang.AbstractStringBuilder.append(Ljava/lang/String;)Ljava/lang/AbstractStringBuilder; @ 1
Event: 0,474 Thread 0x00007f1b94373800 Uncommon trap: reason=unstable_if action=reinterpret pc=0x00007f1b851ce580 method=java.lang.AbstractStringBuilder.append(Ljava/lang/String;)Ljava/lang/AbstractStringBuilder; @ 1
Event: 2,425 Thread 0x00007f1b280a2000 Uncommon trap: reason=unstable_if action=reinterpret pc=0x00007f1b8524b940 method=javax.swing.DefaultBoundedRangeModel.setRangeProperties(IIIIZ)V @ 53
Event: 2,425 Thread 0x00007f1b280a2000 Uncommon trap: reason=unstable_if action=reinterpret pc=0x00007f1b85241b44 method=java.lang.Integer.equals(Ljava/lang/Object;)Z @ 18
Event: 8,410 Thread 0x00007f1b280a2000 Uncommon trap: reason=unstable_if action=reinterpret pc=0x00007f1b852465d0 method=barraprogreso.HiloProceso.run()V @ 7
Event: 19,542 Thread 0x00007f1b280a2000 Uncommon trap: reason=unstable_if action=reinterpret pc=0x00007f1b85242b58 method=javax.swing.DefaultBoundedRangeModel.setRangeProperties(IIIIZ)V @ 53
Event: 43,971 Thread 0x00007f1b94373800 Uncommon trap: reason=unstable_if action=reinterpret pc=0x00007f1b853f8f4c method=java.lang.ref.SoftReference.get()Ljava/lang/Object; @ 17
Event: 46,012 Thread 0x00007f1b94373800 Uncommon trap: reason=unstable_if action=reinterpret pc=0x00007f1b85621cc4 method=java.util.concurrent.locks.ReentrantLock$Sync.nonfairTryAcquire(I)Z @ 19
Event: 46,437 Thread 0x00007f1b94285000 Uncommon trap: reason=unstable_if action=reinterpret pc=0x00007f1b855c908c method=java.util.concurrent.locks.ReentrantLock$Sync.nonfairTryAcquire(I)Z @ 19

Classes redefined (0 events):
No events

Internal exceptions (10 events):
Event: 0,443 Thread 0x00007f1b9400b800 Exception <a 'java/lang/ClassNotFoundException': TreeCell> (0x00000000d77497e0) thrown at [/build/openjdk-8-OqY7zN/openjdk-8-8u222-b10/src/hotspot/src/share/vm/classfile/systemDictionary.cpp, line 210]
Event: 0,443 Thread 0x00007f1b9400b800 Exception <a 'java/lang/ClassNotFoundException': RootPane> (0x00000000d774a240) thrown at [/build/openjdk-8-OqY7zN/openjdk-8-8u222-b10/src/hotspot/src/share/vm/classfile/systemDictionary.cpp, line 210]
Event: 0,472 Thread 0x00007f1b94373800 Implicit null exception at 0x00007f1b851cf075 to 0x00007f1b851cf421
Event: 0,474 Thread 0x00007f1b94373800 Implicit null exception at 0x00007f1b851ce1b6 to 0x00007f1b851ce569
Event: 0,709 Thread 0x00007f1b94373800 Exception <a 'java/lang/UnsupportedOperationException': > (0x00000000d7977668) thrown at [/build/openjdk-8-OqY7zN/openjdk-8-8u222-b10/src/hotspot/src/share/vm/prims/jni.cpp, line 737]
Event: 43,973 Thread 0x00007f1b940c1000 Exception <a 'java/lang/ArrayIndexOutOfBoundsException': 71> (0x00000000d7184c98) thrown at [/build/openjdk-8-OqY7zN/openjdk-8-8u222-b10/src/hotspot/src/share/vm/interpreter/interpreterRuntime.cpp, line 368]
Event: 43,974 Thread 0x00007f1b940c1000 Exception <a 'java/lang/ArrayIndexOutOfBoundsException': 18> (0x00000000d71859b0) thrown at [/build/openjdk-8-OqY7zN/openjdk-8-8u222-b10/src/hotspot/src/share/vm/interpreter/interpreterRuntime.cpp, line 368]
Event: 43,974 Thread 0x00007f1b940c1000 Exception <a 'java/lang/ArrayIndexOutOfBoundsException': 60> (0x00000000d7186780) thrown at [/build/openjdk-8-OqY7zN/openjdk-8-8u222-b10/src/hotspot/src/share/vm/interpreter/interpreterRuntime.cpp, line 368]
Event: 43,976 Thread 0x00007f1b940c1000 Exception <a 'java/lang/ArrayIndexOutOfBoundsException'> (0x00000000d718edd8) thrown at [/build/openjdk-8-OqY7zN/openjdk-8-8u222-b10/src/hotspot/src/share/vm/runtime/sharedRuntime.cpp, line 605]
Event: 43,978 Thread 0x00007f1b940c1000 Exception <a 'java/lang/ArrayIndexOutOfBoundsException'> (0x00000000d71909c0) thrown at [/build/openjdk-8-OqY7zN/openjdk-8-8u222-b10/src/hotspot/src/share/vm/runtime/sharedRuntime.cpp, line 605]

Events (10 events):
Event: 78,382 Thread 0x00007f1b940b9800 flushing nmethod 0x00007f1b851ce010
Event: 78,382 Thread 0x00007f1b940b9800 flushing nmethod 0x00007f1b851ceed0
Event: 78,382 Thread 0x00007f1b940b9800 flushing nmethod 0x00007f1b851eb750
Event: 78,382 Thread 0x00007f1b940b9800 flushing nmethod 0x00007f1b851ed150
Event: 81,960 Executing VM operation: ParallelGCFailedAllocation
Event: 82,300 Executing VM operation: ParallelGCFailedAllocation done
Event: 82,300 Thread 0x00007f1b940be000 flushing nmethod 0x00007f1b85208a10
Event: 85,977 Executing VM operation: ParallelGCFailedAllocation
Event: 86,578 Executing VM operation: ParallelGCFailedAllocation done
Event: 89,541 Executing VM operation: ParallelGCFailedAllocation


Dynamic libraries:
85400000-a5900000 rw-p 00000000 00:00 0 
b1c00000-d7180000 ---p 00000000 00:00 0 
d7180000-100000000 rw-p 00000000 00:00 0 
100000000-1001c0000 rw-p 00000000 00:00 0 
1001c0000-140000000 ---p 00000000 00:00 0 
55db52fc5000-55db52fc6000 r-xp 00000000 08:01 25165839                   /usr/lib/jvm/java-8-openjdk-amd64/jre/bin/java
55db531c5000-55db531c6000 r--p 00000000 08:01 25165839                   /usr/lib/jvm/java-8-openjdk-amd64/jre/bin/java
55db531c6000-55db531c7000 rw-p 00001000 08:01 25165839                   /usr/lib/jvm/java-8-openjdk-amd64/jre/bin/java
55db53408000-55db5c4ec000 rw-p 00000000 00:00 0                          [heap]
7f1a74000000-7f1a7467d000 rw-p 00000000 00:00 0 
7f1a7467d000-7f1a78000000 ---p 00000000 00:00 0 
7f1a7c000000-7f1a7c88f000 rw-p 00000000 00:00 0 
7f1a7c88f000-7f1a80000000 ---p 00000000 00:00 0 
7f1a80000000-7f1a806b8000 rw-p 00000000 00:00 0 
7f1a806b8000-7f1a84000000 ---p 00000000 00:00 0 
7f1a84000000-7f1a84d40000 rw-p 00000000 00:00 0 
7f1a84d40000-7f1a88000000 ---p 00000000 00:00 0 
7f1a88000000-7f1a88e26000 rw-p 00000000 00:00 0 
7f1a88e26000-7f1a8c000000 ---p 00000000 00:00 0 
7f1a8c000000-7f1a8cba3000 rw-p 00000000 00:00 0 
7f1a8cba3000-7f1a90000000 ---p 00000000 00:00 0 
7f1a93ffe000-7f1aa4000000 rw-p 00000000 00:00 0 
7f1aa4000000-7f1aa9de6000 rw-p 00000000 00:00 0 
7f1aa9de6000-7f1aac000000 ---p 00000000 00:00 0 
7f1aac000000-7f1aaf899000 rw-p 00000000 00:00 0 
7f1aaf899000-7f1ab0000000 ---p 00000000 00:00 0 
7f1ab0000000-7f1ab4000000 rw-p 00000000 00:00 0 
7f1ab4000000-7f1ab7b0b000 rw-p 00000000 00:00 0 
7f1ab7b0b000-7f1ab8000000 ---p 00000000 00:00 0 
7f1ab8000000-7f1abc000000 rw-p 00000000 00:00 0 
7f1abc000000-7f1ac0000000 rw-p 00000000 00:00 0 
7f1ac0000000-7f1ac4000000 rw-p 00000000 00:00 0 
7f1ac4000000-7f1ac8000000 rw-p 00000000 00:00 0 
7f1ac8000000-7f1acc000000 rw-p 00000000 00:00 0 
7f1acc000000-7f1ad0000000 rw-p 00000000 00:00 0 
7f1ad0000000-7f1ad4000000 rw-p 00000000 00:00 0 
7f1ad4000000-7f1ad8000000 rw-p 00000000 00:00 0 
7f1adc000000-7f1adcfc3000 rw-p 00000000 00:00 0 
7f1adcfc3000-7f1ae0000000 ---p 00000000 00:00 0 
7f1ae0000000-7f1ae1b01000 rw-p 00000000 00:00 0 
7f1ae1b01000-7f1ae4000000 ---p 00000000 00:00 0 
7f1ae4000000-7f1ae8000000 rw-p 00000000 00:00 0 
7f1ae8000000-7f1aec000000 rw-p 00000000 00:00 0 
7f1aec000000-7f1af0000000 rw-p 00000000 00:00 0 
7f1af0ffd000-7f1af4ffe000 rw-p 00000000 00:00 0 
7f1af4ffe000-7f1af6fff000 rw-p 00000000 00:00 0 
7f1af8000000-7f1afc000000 rw-p 00000000 00:00 0 
7f1b00000000-7f1b04000000 rw-p 00000000 00:00 0 
7f1b04000000-7f1b08000000 rw-p 00000000 00:00 0 
7f1b08000000-7f1b0c000000 rw-p 00000000 00:00 0 
7f1b0c000000-7f1b10000000 rw-p 00000000 00:00 0 
7f1b10000000-7f1b14000000 rw-p 00000000 00:00 0 
7f1b14000000-7f1b18000000 rw-p 00000000 00:00 0 
7f1b18000000-7f1b1c000000 rw-p 00000000 00:00 0 
7f1b1c000000-7f1b20000000 rw-p 00000000 00:00 0 
7f1b20000000-7f1b24000000 rw-p 00000000 00:00 0 
7f1b24000000-7f1b28000000 rw-p 00000000 00:00 0 
7f1b28000000-7f1b280ba000 rw-p 00000000 00:00 0 
7f1b280ba000-7f1b2c000000 ---p 00000000 00:00 0 
7f1b2c000000-7f1b2c56e000 rw-p 00000000 00:00 0 
7f1b2c56e000-7f1b30000000 ---p 00000000 00:00 0 
7f1b30000000-7f1b30021000 rw-p 00000000 00:00 0 
7f1b30021000-7f1b34000000 ---p 00000000 00:00 0 
7f1b349c2000-7f1b349c5000 ---p 00000000 00:00 0 
7f1b349c5000-7f1b34ac3000 rw-p 00000000 00:00 0 
7f1b34ac3000-7f1b34ac6000 ---p 00000000 00:00 0 
7f1b34ac6000-7f1b34bc4000 rw-p 00000000 00:00 0 
7f1b34bc4000-7f1b34bc7000 ---p 00000000 00:00 0 
7f1b34bc7000-7f1b34cc5000 rw-p 00000000 00:00 0 
7f1b34cc5000-7f1b34cc8000 ---p 00000000 00:00 0 
7f1b34cc8000-7f1b34dc6000 rw-p 00000000 00:00 0 
7f1b34dc6000-7f1b34dc9000 ---p 00000000 00:00 0 
7f1b34dc9000-7f1b34ec7000 rw-p 00000000 00:00 0 
7f1b34ec7000-7f1b34eca000 ---p 00000000 00:00 0 
7f1b34eca000-7f1b34fc8000 rw-p 00000000 00:00 0 
7f1b34fc8000-7f1b34fcb000 ---p 00000000 00:00 0 
7f1b34fcb000-7f1b350c9000 rw-p 00000000 00:00 0 
7f1b350c9000-7f1b350cc000 ---p 00000000 00:00 0 
7f1b350cc000-7f1b351ca000 rw-p 00000000 00:00 0 
7f1b351ca000-7f1b351cd000 ---p 00000000 00:00 0 
7f1b351cd000-7f1b352cb000 rw-p 00000000 00:00 0 
7f1b352cb000-7f1b352ce000 ---p 00000000 00:00 0 
7f1b352ce000-7f1b353cc000 rw-p 00000000 00:00 0 
7f1b353cc000-7f1b353cf000 ---p 00000000 00:00 0 
7f1b353cf000-7f1b354cd000 rw-p 00000000 00:00 0 
7f1b354cd000-7f1b354d0000 ---p 00000000 00:00 0 
7f1b354d0000-7f1b355ce000 rw-p 00000000 00:00 0 
7f1b3563a000-7f1b3567a000 rw-p 00000000 00:00 0 
7f1b3567a000-7f1b3583a000 ---p 00000000 00:00 0 
7f1b3583a000-7f1b3583d000 ---p 00000000 00:00 0 
7f1b3583d000-7f1b3593b000 rw-p 00000000 00:00 0 
7f1b3593b000-7f1b3593e000 ---p 00000000 00:00 0 
7f1b3593e000-7f1b35c3c000 rw-p 00000000 00:00 0 
7f1b35c3c000-7f1b35c3d000 ---p 00000000 00:00 0 
7f1b35c3d000-7f1b35c40000 ---p 00000000 00:00 0 
7f1b35c40000-7f1b3643d000 rw-p 00000000 00:00 0 
7f1b3643d000-7f1b36440000 ---p 00000000 00:00 0 
7f1b36440000-7f1b3653e000 rw-p 00000000 00:00 0 
7f1b3653e000-7f1b36541000 ---p 00000000 00:00 0 
7f1b36541000-7f1b3683f000 rw-p 00000000 00:00 0 
7f1b3683f000-7f1b36848000 r-xp 00000000 08:01 25166062                   /usr/lib/jvm/java-8-openjdk-amd64/jre/lib/amd64/libmanagement.so
7f1b36848000-7f1b36a47000 ---p 00009000 08:01 25166062                   /usr/lib/jvm/java-8-openjdk-amd64/jre/lib/amd64/libmanagement.so
7f1b36a47000-7f1b36a48000 r--p 00008000 08:01 25166062                   /usr/lib/jvm/java-8-openjdk-amd64/jre/lib/amd64/libmanagement.so
7f1b36a48000-7f1b36a49000 rw-p 00009000 08:01 25166062                   /usr/lib/jvm/java-8-openjdk-amd64/jre/lib/amd64/libmanagement.so
7f1b36a49000-7f1b36a5d000 r-xp 00000000 08:01 16777745                   /lib/x86_64-linux-gnu/libgpg-error.so.0.22.0
7f1b36a5d000-7f1b36c5c000 ---p 00014000 08:01 16777745                   /lib/x86_64-linux-gnu/libgpg-error.so.0.22.0
7f1b36c5c000-7f1b36c5d000 r--p 00013000 08:01 16777745                   /lib/x86_64-linux-gnu/libgpg-error.so.0.22.0
7f1b36c5d000-7f1b36c5e000 rw-p 00014000 08:01 16777745                   /lib/x86_64-linux-gnu/libgpg-error.so.0.22.0
7f1b36c5e000-7f1b36d72000 r-xp 00000000 08:01 16777748                   /lib/x86_64-linux-gnu/libgcrypt.so.20.2.1
7f1b36d72000-7f1b36f71000 ---p 00114000 08:01 16777748                   /lib/x86_64-linux-gnu/libgcrypt.so.20.2.1
7f1b36f71000-7f1b36f73000 r--p 00113000 08:01 16777748                   /lib/x86_64-linux-gnu/libgcrypt.so.20.2.1
7f1b36f73000-7f1b36f78000 rw-p 00115000 08:01 16777748                   /lib/x86_64-linux-gnu/libgcrypt.so.20.2.1
7f1b36f78000-7f1b36f79000 rw-p 00000000 00:00 0 
7f1b36f79000-7f1b36f94000 r-xp 00000000 08:01 20840884                   /usr/lib/x86_64-linux-gnu/liblz4.so.1.7.1
7f1b36f94000-7f1b37193000 ---p 0001b000 08:01 20840884                   /usr/lib/x86_64-linux-gnu/liblz4.so.1.7.1
7f1b37193000-7f1b37194000 r--p 0001a000 08:01 20840884                   /usr/lib/x86_64-linux-gnu/liblz4.so.1.7.1
7f1b37194000-7f1b37195000 rw-p 0001b000 08:01 20840884                   /usr/lib/x86_64-linux-gnu/liblz4.so.1.7.1
7f1b37195000-7f1b371b9000 r-xp 00000000 08:01 16777697                   /lib/x86_64-linux-gnu/liblzma.so.5.2.2
7f1b371b9000-7f1b373b9000 ---p 00024000 08:01 16777697                   /lib/x86_64-linux-gnu/liblzma.so.5.2.2
7f1b373b9000-7f1b373ba000 r--p 00024000 08:01 16777697                   /lib/x86_64-linux-gnu/liblzma.so.5.2.2
7f1b373ba000-7f1b373bb000 rw-p 00025000 08:01 16777697                   /lib/x86_64-linux-gnu/liblzma.so.5.2.2
7f1b373bb000-7f1b3743b000 r-xp 00000000 08:01 16778117                   /lib/x86_64-linux-gnu/libsystemd.so.0.21.0
7f1b3743b000-7f1b3763a000 ---p 00080000 08:01 16778117                   /lib/x86_64-linux-gnu/libsystemd.so.0.21.0
7f1b3763a000-7f1b3763d000 r--p 0007f000 08:01 16778117                   /lib/x86_64-linux-gnu/libsystemd.so.0.21.0
7f1b3763d000-7f1b3763e000 rw-p 00082000 08:01 16778117                   /lib/x86_64-linux-gnu/libsystemd.so.0.21.0
7f1b3763e000-7f1b3763f000 rw-p 00000000 00:00 0 
7f1b3763f000-7f1b376af000 r-xp 00000000 08:01 16777310                   /lib/x86_64-linux-gnu/libpcre.so.3.13.3
7f1b376af000-7f1b378af000 ---p 00070000 08:01 16777310                   /lib/x86_64-linux-gnu/libpcre.so.3.13.3
7f1b378af000-7f1b378b0000 r--p 00070000 08:01 16777310                   /lib/x86_64-linux-gnu/libpcre.so.3.13.3
7f1b378b0000-7f1b378b1000 rw-p 00071000 08:01 16777310                   /lib/x86_64-linux-gnu/libpcre.so.3.13.3
7f1b378b1000-7f1b378b8000 r-xp 00000000 08:01 20840649                   /usr/lib/x86_64-linux-gnu/libffi.so.6.0.4
7f1b378b8000-7f1b37ab7000 ---p 00007000 08:01 20840649                   /usr/lib/x86_64-linux-gnu/libffi.so.6.0.4
7f1b37ab7000-7f1b37ab8000 r--p 00006000 08:01 20840649                   /usr/lib/x86_64-linux-gnu/libffi.so.6.0.4
7f1b37ab8000-7f1b37ab9000 rw-p 00007000 08:01 20840649                   /usr/lib/x86_64-linux-gnu/libffi.so.6.0.4
7f1b37ab9000-7f1b37ae5000 r-xp 00000000 08:01 20848368                   /usr/lib/x86_64-linux-gnu/libatspi.so.0.0.1
7f1b37ae5000-7f1b37ce5000 ---p 0002c000 08:01 20848368                   /usr/lib/x86_64-linux-gnu/libatspi.so.0.0.1
7f1b37ce5000-7f1b37ce8000 r--p 0002c000 08:01 20848368                   /usr/lib/x86_64-linux-gnu/libatspi.so.0.0.1
7f1b37ce8000-7f1b37ce9000 rw-p 0002f000 08:01 20848368                   /usr/lib/x86_64-linux-gnu/libatspi.so.0.0.1
7f1b37ce9000-7f1b37dfd000 r-xp 00000000 08:01 20842997                   /usr/lib/x86_64-linux-gnu/libglib-2.0.so.0.5600.4
7f1b37dfd000-7f1b37ffd000 ---p 00114000 08:01 20842997                   /usr/lib/x86_64-linux-gnu/libglib-2.0.so.0.5600.4
7f1b37ffd000-7f1b37ffe000 r--p 00114000 08:01 20842997                   /usr/lib/x86_64-linux-gnu/libglib-2.0.so.0.5600.4
7f1b37ffe000-7f1b37fff000 rw-p 00115000 08:01 20842997                   /usr/lib/x86_64-linux-gnu/libglib-2.0.so.0.5600.4
7f1b37fff000-7f1b38000000 rw-p 00000000 00:00 0 
7f1b38000000-7f1b38021000 rw-p 00000000 00:00 0 
7f1b38021000-7f1b3c000000 ---p 00000000 00:00 0 
7f1b3c01d000-7f1b3c028000 r--s 00000000 08:01 19661652                   /var/cache/fontconfig/945677eb7aeaf62f1d50efc3fb3ec7d8-le64.cache-7
7f1b3c028000-7f1b3c02d000 r--s 00000000 08:01 19665239                   /var/cache/fontconfig/2300eef321c393bfd76478a5c0e95b23-le64.cache-7
7f1b3c02d000-7f1b3c02e000 r--s 00000000 08:01 19664077                   /var/cache/fontconfig/0d8c3b2ac0904cb8a57a757ad11a4a08-le64.cache-7
7f1b3c02e000-7f1b3c032000 r--s 00000000 08:01 19662920                   /var/cache/fontconfig/de156ccd2eddbdc19d37a45b8b2aac9c-le64.cache-7
7f1b3c032000-7f1b3c047000 r--s 00000000 08:01 19665228                   /var/cache/fontconfig/04aabc0a78ac019cf9454389977116d2-le64.cache-7
7f1b3c047000-7f1b3c048000 r--s 00000000 08:01 19664074                   /var/cache/fontconfig/1ac9eb803944fde146138c791f5cc56a-le64.cache-7
7f1b3c048000-7f1b3c04c000 r--s 00000000 08:01 19665227                   /var/cache/fontconfig/385c0604a188198f04d133e54aba7fe7-le64.cache-7
7f1b3c04c000-7f1b3c04d000 r--s 00000000 08:01 19664073                   /var/cache/fontconfig/dc05db6664285cc2f12bf69c139ae4c3-le64.cache-7
7f1b3c04d000-7f1b3c04f000 r--s 00000000 08:01 19660879                   /var/cache/fontconfig/14a5e22175779b556eaa434240950366-le64.cache-7
7f1b3c04f000-7f1b3c050000 r--s 00000000 08:01 19660876                   /var/cache/fontconfig/660208299946a285a940457d1287da33-le64.cache-7
7f1b3c050000-7f1b3c052000 r--s 00000000 08:01 19660875                   /var/cache/fontconfig/4f3e3037c9980c83b53a9351efadef62-le64.cache-7
7f1b3c052000-7f1b3c054000 r--s 00000000 08:01 19664072                   /var/cache/fontconfig/767a8244fc0220cfb567a839d0392e0b-le64.cache-7
7f1b3c054000-7f1b3c055000 r--s 00000000 08:01 19668272                   /var/cache/fontconfig/4794a0821666d79190d59a36cb4f44b5-le64.cache-7
7f1b3c055000-7f1b3c057000 r--s 00000000 08:01 19663334                   /var/cache/fontconfig/0bd3dc0958fa2205aaaa8ebb13e2872b-le64.cache-7
7f1b3c057000-7f1b3c05e000 r--s 00000000 08:01 19665164                   /var/cache/fontconfig/8801497958630a81b71ace7c5f9b32a8-le64.cache-7
7f1b3c05e000-7f1b3c063000 r--s 00000000 08:01 19660872                   /var/cache/fontconfig/def309198bfa603429122923fa2bb2d4-le64.cache-7
7f1b3c063000-7f1b3c064000 r--s 00000000 08:01 19660870                   /var/cache/fontconfig/b872e6e592da6075ffa4ab0a1fcc0c75-le64.cache-7
7f1b3c064000-7f1b3c065000 r--s 00000000 08:01 19660868                   /var/cache/fontconfig/f6d4eedfaab2589bde49f7a3ff831d22-le64.cache-7
7f1b3c065000-7f1b3c066000 r--s 00000000 08:01 19660867                   /var/cache/fontconfig/589f83ef4c36d296ce6e1c846f468f08-le64.cache-7
7f1b3c066000-7f1b3c067000 r--s 00000000 08:01 19663918                   /var/cache/fontconfig/bab58bb527bb656aaa9f116d68a48d89-le64.cache-7
7f1b3c067000-7f1b3c068000 r--s 00000000 08:01 19660866                   /var/cache/fontconfig/2171a34dccabdb6bcbbc728186263178-le64.cache-7
7f1b3c068000-7f1b3c069000 r--s 00000000 08:01 19660865                   /var/cache/fontconfig/c5c45a61289222e0d30b1a26ef4effbe-le64.cache-7
7f1b3c069000-7f1b3c06a000 r--s 00000000 08:01 19660864                   /var/cache/fontconfig/aec30016f93e1b46d1a973dce0d74068-le64.cache-7
7f1b3c06a000-7f1b3c06b000 r--s 00000000 08:01 19660863                   /var/cache/fontconfig/3f589640d34b7dc9042c8d453f7c8b9c-le64.cache-7
7f1b3c06b000-7f1b3c06c000 r--s 00000000 08:01 19660862                   /var/cache/fontconfig/16c2fda60d1b4b719f4b3d06fd951d25-le64.cache-7
7f1b3c06c000-7f1b3c06d000 r--s 00000000 08:01 19660861                   /var/cache/fontconfig/a48eab177a16e4f3713381162db2f3e9-le64.cache-7
7f1b3c06d000-7f1b3c06e000 r--s 00000000 08:01 19660860                   /var/cache/fontconfig/564b2e68ac9bc4e36a6f7f6d6125ec1c-le64.cache-7
7f1b3c06e000-7f1b3c073000 r--s 00000000 08:01 19668474                   /var/cache/fontconfig/9d2451b1fd30e5bffe8383fd27c35478-le64.cache-7
7f1b3c073000-7f1b3c079000 r--s 00000000 08:01 19663882                   /var/cache/fontconfig/3047814df9a2f067bd2d96a2b9c36e5a-le64.cache-7
7f1b3c079000-7f1b3c08c000 r--s 00000000 08:01 19663483                   /var/cache/fontconfig/d52a8644073d54c13679302ca1180695-le64.cache-7
7f1b3c08c000-7f1b3c0d7000 r-xp 00000000 08:01 16777502                   /lib/x86_64-linux-gnu/libdbus-1.so.3.19.4
7f1b3c0d7000-7f1b3c2d7000 ---p 0004b000 08:01 16777502                   /lib/x86_64-linux-gnu/libdbus-1.so.3.19.4
7f1b3c2d7000-7f1b3c2d8000 r--p 0004b000 08:01 16777502                   /lib/x86_64-linux-gnu/libdbus-1.so.3.19.4
7f1b3c2d8000-7f1b3c2d9000 rw-p 0004c000 08:01 16777502                   /lib/x86_64-linux-gnu/libdbus-1.so.3.19.4
7f1b3c2d9000-7f1b3c32b000 r-xp 00000000 08:01 20843000                   /usr/lib/x86_64-linux-gnu/libgobject-2.0.so.0.5600.4
7f1b3c32b000-7f1b3c52b000 ---p 00052000 08:01 20843000                   /usr/lib/x86_64-linux-gnu/libgobject-2.0.so.0.5600.4
7f1b3c52b000-7f1b3c52c000 r--p 00052000 08:01 20843000                   /usr/lib/x86_64-linux-gnu/libgobject-2.0.so.0.5600.4
7f1b3c52c000-7f1b3c52d000 rw-p 00053000 08:01 20843000                   /usr/lib/x86_64-linux-gnu/libgobject-2.0.so.0.5600.4
7f1b3c52d000-7f1b3c55b000 r-xp 00000000 08:01 20848370                   /usr/lib/x86_64-linux-gnu/libatk-bridge-2.0.so.0.0.0
7f1b3c55b000-7f1b3c75b000 ---p 0002e000 08:01 20848370                   /usr/lib/x86_64-linux-gnu/libatk-bridge-2.0.so.0.0.0
7f1b3c75b000-7f1b3c75c000 r--p 0002e000 08:01 20848370                   /usr/lib/x86_64-linux-gnu/libatk-bridge-2.0.so.0.0.0
7f1b3c75c000-7f1b3c75d000 rw-p 0002f000 08:01 20848370                   /usr/lib/x86_64-linux-gnu/libatk-bridge-2.0.so.0.0.0
7f1b3c75d000-7f1b3c75e000 rw-p 00000000 00:00 0 
7f1b3c75e000-7f1b3c780000 r-xp 00000000 08:01 20848366                   /usr/lib/x86_64-linux-gnu/libatk-1.0.so.0.22810.1
7f1b3c780000-7f1b3c980000 ---p 00022000 08:01 20848366                   /usr/lib/x86_64-linux-gnu/libatk-1.0.so.0.22810.1
7f1b3c980000-7f1b3c983000 r--p 00022000 08:01 20848366                   /usr/lib/x86_64-linux-gnu/libatk-1.0.so.0.22810.1
7f1b3c983000-7f1b3c984000 rw-p 00025000 08:01 20848366                   /usr/lib/x86_64-linux-gnu/libatk-1.0.so.0.22810.1
7f1b3c984000-7f1b3c99b000 r-xp 00000000 08:01 25166616                   /usr/lib/x86_64-linux-gnu/jni/libatk-wrapper.so.6.0.0
7f1b3c99b000-7f1b3cb9b000 ---p 00017000 08:01 25166616                   /usr/lib/x86_64-linux-gnu/jni/libatk-wrapper.so.6.0.0
7f1b3cb9b000-7f1b3cb9c000 r--p 00017000 08:01 25166616                   /usr/lib/x86_64-linux-gnu/jni/libatk-wrapper.so.6.0.0
7f1b3cb9c000-7f1b3cb9d000 rw-p 00018000 08:01 25166616                   /usr/lib/x86_64-linux-gnu/jni/libatk-wrapper.so.6.0.0
7f1b3cb9d000-7f1b3fb9e000 rw-p 00000000 00:00 0 
7f1b3fb9e000-7f1b3fbb4000 r-xp 00000000 08:01 25166064                   /usr/lib/jvm/java-8-openjdk-amd64/jre/lib/amd64/libnet.so
7f1b3fbb4000-7f1b3fdb3000 ---p 00016000 08:01 25166064                   /usr/lib/jvm/java-8-openjdk-amd64/jre/lib/amd64/libnet.so
7f1b3fdb3000-7f1b3fdb4000 r--p 00015000 08:01 25166064                   /usr/lib/jvm/java-8-openjdk-amd64/jre/lib/amd64/libnet.so
7f1b3fdb4000-7f1b3fdb5000 rw-p 00016000 08:01 25166064                   /usr/lib/jvm/java-8-openjdk-amd64/jre/lib/amd64/libnet.so
7f1b3fdb5000-7f1b3fdc6000 r-xp 00000000 08:01 25166065                   /usr/lib/jvm/java-8-openjdk-amd64/jre/lib/amd64/libnio.so
7f1b3fdc6000-7f1b3ffc5000 ---p 00011000 08:01 25166065                   /usr/lib/jvm/java-8-openjdk-amd64/jre/lib/amd64/libnio.so
7f1b3ffc5000-7f1b3ffc6000 r--p 00010000 08:01 25166065                   /usr/lib/jvm/java-8-openjdk-amd64/jre/lib/amd64/libnio.so
7f1b3ffc6000-7f1b3ffc7000 rw-p 00011000 08:01 25166065                   /usr/lib/jvm/java-8-openjdk-amd64/jre/lib/amd64/libnio.so
7f1b3ffc7000-7f1b3ffca000 ---p 00000000 00:00 0 
7f1b3ffca000-7f1b40000000 rw-p 00000000 00:00 0 
7f1b40000000-7f1b40021000 rw-p 00000000 00:00 0 
7f1b40021000-7f1b44000000 ---p 00000000 00:00 0 
7f1b44000000-7f1b44021000 rw-p 00000000 00:00 0 
7f1b44021000-7f1b48000000 ---p 00000000 00:00 0 
7f1b48000000-7f1b48021000 rw-p 00000000 00:00 0 
7f1b48021000-7f1b4c000000 ---p 00000000 00:00 0 
7f1b4c000000-7f1b4c021000 rw-p 00000000 00:00 0 
7f1b4c021000-7f1b50000000 ---p 00000000 00:00 0 
7f1b50000000-7f1b51a44000 rw-p 00000000 00:00 0 
7f1b51a44000-7f1b54000000 ---p 00000000 00:00 0 
7f1b54000000-7f1b547bd000 rw-p 00000000 00:00 0 
7f1b547bd000-7f1b58000000 ---p 00000000 00:00 0 
7f1b58000000-7f1b58021000 rw-p 00000000 00:00 0 
7f1b58021000-7f1b5c000000 ---p 00000000 00:00 0 
7f1b5c000000-7f1b5d6b1000 rw-p 00000000 00:00 0 
7f1b5d6b1000-7f1b60000000 ---p 00000000 00:00 0 
7f1b60000000-7f1b60021000 rw-p 00000000 00:00 0 
7f1b60021000-7f1b64000000 ---p 00000000 00:00 0 
7f1b64000000-7f1b64021000 rw-p 00000000 00:00 0 
7f1b64021000-7f1b68000000 ---p 00000000 00:00 0 
7f1b68000000-7f1b68024000 rw-p 00000000 00:00 0 
7f1b68024000-7f1b6c000000 ---p 00000000 00:00 0 
7f1b6c000000-7f1b6c001000 r--s 00000000 08:01 19663794                   /var/cache/fontconfig/56cf4f4769d0f4abc89a4895d7bd3ae1-le64.cache-7
7f1b6c001000-7f1b6c002000 r--s 00000000 08:01 19663793                   /var/cache/fontconfig/b9d506c9ac06c20b433354fa67a72993-le64.cache-7
7f1b6c002000-7f1b6c008000 r--s 00000000 08:01 19663699                   /var/cache/fontconfig/b47c4e1ecd0709278f4910c18777a504-le64.cache-7
7f1b6c008000-7f1b6c009000 r--s 00000000 08:01 19660858                   /var/cache/fontconfig/370e5b74bf5dafc30834de68e24a87a4-le64.cache-7
7f1b6c009000-7f1b6c00a000 r--s 00000000 08:01 19660857                   /var/cache/fontconfig/6b2c5944714ca7831b25bed9e85cb5c8-le64.cache-7
7f1b6c00a000-7f1b6c00b000 r--s 00000000 08:01 19660855                   /var/cache/fontconfig/d5178ab6d91b49bf20a416737dcea9e8-le64.cache-7
7f1b6c00b000-7f1b6c00e000 r--s 00000000 08:01 19660854                   /var/cache/fontconfig/f259c2cffa685e28062317905db73c4a-le64.cache-7
7f1b6c00e000-7f1b6c01a000 r--s 00000000 08:01 19662950                   /var/cache/fontconfig/d589a48862398ed80a3d6066f4f56f4c-le64.cache-7
7f1b6c01a000-7f1b6c01d000 ---p 00000000 00:00 0 
7f1b6c01d000-7f1b6c11b000 rw-p 00000000 00:00 0 
7f1b6c11b000-7f1b6c120000 r-xp 00000000 08:01 20843563                   /usr/lib/x86_64-linux-gnu/libXfixes.so.3.1.0
7f1b6c120000-7f1b6c31f000 ---p 00005000 08:01 20843563                   /usr/lib/x86_64-linux-gnu/libXfixes.so.3.1.0
7f1b6c31f000-7f1b6c320000 r--p 00004000 08:01 20843563                   /usr/lib/x86_64-linux-gnu/libXfixes.so.3.1.0
7f1b6c320000-7f1b6c321000 rw-p 00005000 08:01 20843563                   /usr/lib/x86_64-linux-gnu/libXfixes.so.3.1.0
7f1b6c321000-7f1b6c32a000 r-xp 00000000 08:01 20845969                   /usr/lib/x86_64-linux-gnu/libXcursor.so.1.0.2
7f1b6c32a000-7f1b6c529000 ---p 00009000 08:01 20845969                   /usr/lib/x86_64-linux-gnu/libXcursor.so.1.0.2
7f1b6c529000-7f1b6c52a000 r--p 00008000 08:01 20845969                   /usr/lib/x86_64-linux-gnu/libXcursor.so.1.0.2
7f1b6c52a000-7f1b6c52b000 rw-p 00009000 08:01 20845969                   /usr/lib/x86_64-linux-gnu/libXcursor.so.1.0.2
7f1b6c52b000-7f1b6c52e000 ---p 00000000 00:00 0 
7f1b6c52e000-7f1b6c62c000 rw-p 00000000 00:00 0 
7f1b6c62c000-7f1b6c65d000 r-xp 00000000 08:01 20843315                   /usr/lib/x86_64-linux-gnu/libpng16.so.16.34.0
7f1b6c65d000-7f1b6c85c000 ---p 00031000 08:01 20843315                   /usr/lib/x86_64-linux-gnu/libpng16.so.16.34.0
7f1b6c85c000-7f1b6c85d000 r--p 00030000 08:01 20843315                   /usr/lib/x86_64-linux-gnu/libpng16.so.16.34.0
7f1b6c85d000-7f1b6c85e000 rw-p 00031000 08:01 20843315                   /usr/lib/x86_64-linux-gnu/libpng16.so.16.34.0
7f1b6c85e000-7f1b6c90b000 r-xp 00000000 08:01 20841776                   /usr/lib/x86_64-linux-gnu/libfreetype.so.6.15.0
7f1b6c90b000-7f1b6cb0a000 ---p 000ad000 08:01 20841776                   /usr/lib/x86_64-linux-gnu/libfreetype.so.6.15.0
7f1b6cb0a000-7f1b6cb11000 r--p 000ac000 08:01 20841776                   /usr/lib/x86_64-linux-gnu/libfreetype.so.6.15.0
7f1b6cb11000-7f1b6cb12000 rw-p 000b3000 08:01 20841776                   /usr/lib/x86_64-linux-gnu/libfreetype.so.6.15.0
7f1b6cb12000-7f1b6cb13000 r--s 00000000 08:01 19663478                   /var/cache/fontconfig/551ecf3b0e8b0bca0f25c0944f561853-le64.cache-7
7f1b6cb13000-7f1b6cb15000 r--s 00000000 08:01 19660853                   /var/cache/fontconfig/550f3886151c940c12a5ed35f6a00586-le64.cache-7
7f1b6cb15000-7f1b6cb18000 r--s 00000000 08:01 19660850                   /var/cache/fontconfig/674d1711f2d1d2a09646eb0bdcadee49-le64.cache-7
7f1b6cb18000-7f1b6cb19000 r--s 00000000 08:01 19660849                   /var/cache/fontconfig/3f7329c5293ffd510edef78f73874cfd-le64.cache-7
7f1b6cb19000-7f1b6cb1a000 r--s 00000000 08:01 19665226                   /var/cache/fontconfig/30829fa25452a46451e813d634d7f916-le64.cache-7
7f1b6cb1a000-7f1b6cb1b000 r--s 00000000 08:01 19661404                   /var/cache/fontconfig/0c9eb80ebd1c36541ebe2852d3bb0c49-le64.cache-7
7f1b6cb1b000-7f1b6cb1c000 r--s 00000000 08:01 19660848                   /var/cache/fontconfig/22368d551a680bfe5a62c02760edf4ea-le64.cache-7
7f1b6cb1c000-7f1b6cb1d000 r--s 00000000 08:01 19660847                   /var/cache/fontconfig/4d9c95eba1cb85bbcf2878543262124a-le64.cache-7
7f1b6cb1d000-7f1b6cb1e000 r--s 00000000 08:01 19660845                   /var/cache/fontconfig/85e0a52ce643a7ba2ae53e5d6949cead-le64.cache-7
7f1b6cb1e000-7f1b6cb1f000 r--s 00000000 08:01 19660844                   /var/cache/fontconfig/49f0de54bdd920fe4f0dfd4cbac43e6b-le64.cache-7
7f1b6cb1f000-7f1b6cb22000 r--s 00000000 08:01 19665224                   /var/cache/fontconfig/75114ca45c98e8a441da0ff356701271-le64.cache-7
7f1b6cb22000-7f1b6cb2d000 r--s 00000000 08:01 19662942                   /var/cache/fontconfig/83bf95040141907cd45bb53cf7c1c148-le64.cache-7
7f1b6cb2d000-7f1b6cb3c000 r--s 00000000 08:01 19676045                   /var/cache/fontconfig/9b89f8e3dae116d678bbf48e5f21f69b-le64.cache-7
7f1b6cb3c000-7f1b6cb8b000 r-xp 00000000 08:01 25165889                   /usr/lib/jvm/java-8-openjdk-amd64/jre/lib/amd64/libfontmanager.so
7f1b6cb8b000-7f1b6cd8b000 ---p 0004f000 08:01 25165889                   /usr/lib/jvm/java-8-openjdk-amd64/jre/lib/amd64/libfontmanager.so
7f1b6cd8b000-7f1b6cd8d000 r--p 0004f000 08:01 25165889                   /usr/lib/jvm/java-8-openjdk-amd64/jre/lib/amd64/libfontmanager.so
7f1b6cd8d000-7f1b6cd8e000 rw-p 00051000 08:01 25165889                   /usr/lib/jvm/java-8-openjdk-amd64/jre/lib/amd64/libfontmanager.so
7f1b6cd8e000-7f1b6cda1000 r-xp 00000000 08:01 16777680                   /lib/x86_64-linux-gnu/libbsd.so.0.8.7
7f1b6cda1000-7f1b6cfa0000 ---p 00013000 08:01 16777680                   /lib/x86_64-linux-gnu/libbsd.so.0.8.7
7f1b6cfa0000-7f1b6cfa1000 r--p 00012000 08:01 16777680                   /lib/x86_64-linux-gnu/libbsd.so.0.8.7
7f1b6cfa1000-7f1b6cfa2000 rw-p 00013000 08:01 16777680                   /lib/x86_64-linux-gnu/libbsd.so.0.8.7
7f1b6cfa2000-7f1b6cfa3000 rw-p 00000000 00:00 0 
7f1b6cfa3000-7f1b6cfa8000 r-xp 00000000 08:01 20840676                   /usr/lib/x86_64-linux-gnu/libXdmcp.so.6.0.0
7f1b6cfa8000-7f1b6d1a7000 ---p 00005000 08:01 20840676                   /usr/lib/x86_64-linux-gnu/libXdmcp.so.6.0.0
7f1b6d1a7000-7f1b6d1a8000 r--p 00004000 08:01 20840676                   /usr/lib/x86_64-linux-gnu/libXdmcp.so.6.0.0
7f1b6d1a8000-7f1b6d1a9000 rw-p 00005000 08:01 20840676                   /usr/lib/x86_64-linux-gnu/libXdmcp.so.6.0.0
7f1b6d1a9000-7f1b6d1ab000 r-xp 00000000 08:01 20848788                   /usr/lib/x86_64-linux-gnu/libXau.so.6.0.0
7f1b6d1ab000-7f1b6d3ab000 ---p 00002000 08:01 20848788                   /usr/lib/x86_64-linux-gnu/libXau.so.6.0.0
7f1b6d3ab000-7f1b6d3ac000 r--p 00002000 08:01 20848788                   /usr/lib/x86_64-linux-gnu/libXau.so.6.0.0
7f1b6d3ac000-7f1b6d3ad000 rw-p 00003000 08:01 20848788                   /usr/lib/x86_64-linux-gnu/libXau.so.6.0.0
7f1b6d3ad000-7f1b6d3d3000 r-xp 00000000 08:01 20845749                   /usr/lib/x86_64-linux-gnu/libxcb.so.1.1.0
7f1b6d3d3000-7f1b6d5d3000 ---p 00026000 08:01 20845749                   /usr/lib/x86_64-linux-gnu/libxcb.so.1.1.0
7f1b6d5d3000-7f1b6d5d4000 r--p 00026000 08:01 20845749                   /usr/lib/x86_64-linux-gnu/libxcb.so.1.1.0
7f1b6d5d4000-7f1b6d5d5000 rw-p 00027000 08:01 20845749                   /usr/lib/x86_64-linux-gnu/libxcb.so.1.1.0
7f1b6d5d5000-7f1b6d5e4000 r-xp 00000000 08:01 20842648                   /usr/lib/x86_64-linux-gnu/libXi.so.6.1.0
7f1b6d5e4000-7f1b6d7e3000 ---p 0000f000 08:01 20842648                   /usr/lib/x86_64-linux-gnu/libXi.so.6.1.0
7f1b6d7e3000-7f1b6d7e4000 r--p 0000e000 08:01 20842648                   /usr/lib/x86_64-linux-gnu/libXi.so.6.1.0
7f1b6d7e4000-7f1b6d7e5000 rw-p 0000f000 08:01 20842648                   /usr/lib/x86_64-linux-gnu/libXi.so.6.1.0
7f1b6d7e5000-7f1b6d7ea000 r-xp 00000000 08:01 20848419                   /usr/lib/x86_64-linux-gnu/libXtst.so.6.1.0
7f1b6d7ea000-7f1b6d9e9000 ---p 00005000 08:01 20848419                   /usr/lib/x86_64-linux-gnu/libXtst.so.6.1.0
7f1b6d9e9000-7f1b6d9ea000 r--p 00004000 08:01 20848419                   /usr/lib/x86_64-linux-gnu/libXtst.so.6.1.0
7f1b6d9ea000-7f1b6d9eb000 rw-p 00005000 08:01 20848419                   /usr/lib/x86_64-linux-gnu/libXtst.so.6.1.0
7f1b6d9eb000-7f1b6d9f4000 r-xp 00000000 08:01 20848350                   /usr/lib/x86_64-linux-gnu/libXrender.so.1.3.0
7f1b6d9f4000-7f1b6dbf3000 ---p 00009000 08:01 20848350                   /usr/lib/x86_64-linux-gnu/libXrender.so.1.3.0
7f1b6dbf3000-7f1b6dbf4000 r--p 00008000 08:01 20848350                   /usr/lib/x86_64-linux-gnu/libXrender.so.1.3.0
7f1b6dbf4000-7f1b6dbf5000 rw-p 00009000 08:01 20848350                   /usr/lib/x86_64-linux-gnu/libXrender.so.1.3.0
7f1b6dbf5000-7f1b6dd28000 r-xp 00000000 08:01 20844138                   /usr/lib/x86_64-linux-gnu/libX11.so.6.3.0
7f1b6dd28000-7f1b6df28000 ---p 00133000 08:01 20844138                   /usr/lib/x86_64-linux-gnu/libX11.so.6.3.0
7f1b6df28000-7f1b6df29000 r--p 00133000 08:01 20844138                   /usr/lib/x86_64-linux-gnu/libX11.so.6.3.0
7f1b6df29000-7f1b6df2d000 rw-p 00134000 08:01 20844138                   /usr/lib/x86_64-linux-gnu/libX11.so.6.3.0
7f1b6df2d000-7f1b6df3e000 r-xp 00000000 08:01 20848801                   /usr/lib/x86_64-linux-gnu/libXext.so.6.4.0
7f1b6df3e000-7f1b6e13d000 ---p 00011000 08:01 20848801                   /usr/lib/x86_64-linux-gnu/libXext.so.6.4.0
7f1b6e13d000-7f1b6e13e000 r--p 00010000 08:01 20848801                   /usr/lib/x86_64-linux-gnu/libXext.so.6.4.0
7f1b6e13e000-7f1b6e13f000 rw-p 00011000 08:01 20848801                   /usr/lib/x86_64-linux-gnu/libXext.so.6.4.0
7f1b6e13f000-7f1b6e140000 r--s 00000000 08:01 19660843                   /var/cache/fontconfig/f6e6e0a5c3d2f6ae0c0c2e0ecd42a997-le64.cache-7
7f1b6e140000-7f1b6e142000 r--s 00000000 08:01 19660840                   /var/cache/fontconfig/6afa1bb216ce958c1589e297e8008489-le64.cache-7
7f1b6e142000-7f1b6e145000 r--s 00000000 08:01 19661199                   /var/cache/fontconfig/e13b20fdb08344e0e664864cc2ede53d-le64.cache-7
7f1b6e145000-7f1b6e169000 r--p 00000000 08:01 22547890                   /usr/share/locale-langpack/es/LC_MESSAGES/libc.mo
7f1b6e169000-7f1b6e1c4000 r-xp 00000000 08:01 25165887                   /usr/lib/jvm/java-8-openjdk-amd64/jre/lib/amd64/libawt_xawt.so
7f1b6e1c4000-7f1b6e3c3000 ---p 0005b000 08:01 25165887                   /usr/lib/jvm/java-8-openjdk-amd64/jre/lib/amd64/libawt_xawt.so
7f1b6e3c3000-7f1b6e3c4000 r--p 0005a000 08:01 25165887                   /usr/lib/jvm/java-8-openjdk-amd64/jre/lib/amd64/libawt_xawt.so
7f1b6e3c4000-7f1b6e3c7000 rw-p 0005b000 08:01 25165887                   /usr/lib/jvm/java-8-openjdk-amd64/jre/lib/amd64/libawt_xawt.so
7f1b6e3c7000-7f1b6e3c9000 rw-p 00000000 00:00 0 
7f1b6e3c9000-7f1b6e468000 r-xp 00000000 08:01 25165885                   /usr/lib/jvm/java-8-openjdk-amd64/jre/lib/amd64/libawt.so
7f1b6e468000-7f1b6e667000 ---p 0009f000 08:01 25165885                   /usr/lib/jvm/java-8-openjdk-amd64/jre/lib/amd64/libawt.so
7f1b6e667000-7f1b6e668000 r--p 0009e000 08:01 25165885                   /usr/lib/jvm/java-8-openjdk-amd64/jre/lib/amd64/libawt.so
7f1b6e668000-7f1b6e673000 rw-p 0009f000 08:01 25165885                   /usr/lib/jvm/java-8-openjdk-amd64/jre/lib/amd64/libawt.so
7f1b6e673000-7f1b6e698000 rw-p 00000000 00:00 0 
7f1b6e698000-7f1b6e699000 ---p 00000000 00:00 0 
7f1b6e699000-7f1b6e799000 rw-p 00000000 00:00 0 
7f1b6e799000-7f1b6e79c000 ---p 00000000 00:00 0 
7f1b6e79c000-7f1b6e89a000 rw-p 00000000 00:00 0 
7f1b6e89a000-7f1b6e89b000 ---p 00000000 00:00 0 
7f1b6e89b000-7f1b6e89e000 ---p 00000000 00:00 0 
7f1b6e89e000-7f1b6e99b000 rw-p 00000000 00:00 0 
7f1b6e99b000-7f1b6e99c000 ---p 00000000 00:00 0 
7f1b6e99c000-7f1b6e99f000 ---p 00000000 00:00 0 
7f1b6e99f000-7f1b6ea9c000 rw-p 00000000 00:00 0 
7f1b6ea9c000-7f1b6ea9d000 ---p 00000000 00:00 0 
7f1b6ea9d000-7f1b6eaa0000 ---p 00000000 00:00 0 
7f1b6eaa0000-7f1b6eb9d000 rw-p 00000000 00:00 0 
7f1b6eb9d000-7f1b6eba0000 ---p 00000000 00:00 0 
7f1b6eba0000-7f1b6ec9e000 rw-p 00000000 00:00 0 
7f1b6ec9e000-7f1b6f1f2000 r--p 00000000 08:01 20841888                   /usr/lib/locale/locale-archive
7f1b6f1f2000-7f1b6f1f5000 ---p 00000000 00:00 0 
7f1b6f1f5000-7f1b6f2f3000 rw-p 00000000 00:00 0 
7f1b6f2f3000-7f1b6f2f6000 ---p 00000000 00:00 0 
7f1b6f2f6000-7f1b6f3f4000 rw-p 00000000 00:00 0 
7f1b6f3f4000-7f1b6f3f5000 ---p 00000000 00:00 0 
7f1b6f3f5000-7f1b70000000 rw-p 00000000 00:00 0 
7f1b70000000-7f1b7206a000 rw-p 00000000 00:00 0 
7f1b7206a000-7f1b74000000 ---p 00000000 00:00 0 
7f1b74000000-7f1b74002000 r--s 00000000 08:01 19661636                   /var/cache/fontconfig/62f91419b9ebdb6975e7e41ab6412357-le64.cache-7
7f1b74002000-7f1b74006000 r--s 00000000 08:01 19662919                   /var/cache/fontconfig/7ef2298fde41cc6eeb7af42e48b7d293-le64.cache-7
7f1b74006000-7f1b74019000 r--s 00346000 08:01 25043199                   /usr/lib/jvm/java-8-openjdk-amd64/jre/lib/resources.jar
7f1b74019000-7f1b74020000 r--s 00000000 08:01 21109250                   /usr/lib/x86_64-linux-gnu/gconv/gconv-modules.cache
7f1b74020000-7f1b7403b000 r--s 00394000 08:01 25173658                   /usr/lib/jvm/java-8-openjdk-amd64/jre/lib/ext/cldrdata.jar
7f1b7403b000-7f1b78000000 rw-p 00000000 00:00 0 
7f1b78000000-7f1b790b8000 rw-p 00000000 00:00 0 
7f1b790b8000-7f1b7c000000 ---p 00000000 00:00 0 
7f1b7c000000-7f1b7d65a000 rw-p 00000000 00:00 0 
7f1b7d65a000-7f1b80000000 ---p 00000000 00:00 0 
7f1b80000000-7f1b80d81000 rw-p 00000000 00:00 0 
7f1b80d81000-7f1b84000000 ---p 00000000 00:00 0 
7f1b84000000-7f1b84001000 r--s 00000000 08:01 19660841                   /var/cache/fontconfig/4b2eda6bb976bda485cb2176619421d5-le64.cache-7
7f1b84001000-7f1b84004000 r--p 00000000 08:01 22547630                   /usr/share/locale-langpack/es/LC_MESSAGES/atk10.mo
7f1b84004000-7f1b84005000 r--s 0000a000 08:01 25173661                   /usr/lib/jvm/java-8-openjdk-amd64/jre/lib/ext/jaccess.jar
7f1b84005000-7f1b8400a000 r--s 0003c000 08:01 25173665                   /usr/lib/jvm/java-8-openjdk-amd64/jre/lib/ext/sunjce_provider.jar
7f1b8400a000-7f1b8425a000 rw-p 00000000 00:00 0 
7f1b8425a000-7f1b8442a000 r--s 03c5c000 08:01 25043200                   /usr/lib/jvm/java-8-openjdk-amd64/jre/lib/rt.jar
7f1b8442a000-7f1b85000000 rw-p 00000000 00:00 0 
7f1b85000000-7f1b856c0000 rwxp 00000000 00:00 0 
7f1b856c0000-7f1b94000000 ---p 00000000 00:00 0 
7f1b94000000-7f1b94378000 rw-p 00000000 00:00 0 
7f1b94378000-7f1b98000000 ---p 00000000 00:00 0 
7f1b98000000-7f1b98001000 r--s 0000d000 08:01 25173664                   /usr/lib/jvm/java-8-openjdk-amd64/jre/lib/ext/sunec.jar
7f1b98001000-7f1b98003000 r--s 00007000 08:01 21236089                   /usr/share/java/java-atk-wrapper.jar
7f1b98003000-7f1b9800d000 r--s 00116000 08:01 25173662                   /usr/lib/jvm/java-8-openjdk-amd64/jre/lib/ext/localedata.jar
7f1b9800d000-7f1b980a4000 rw-p 00000000 00:00 0 
7f1b980a4000-7f1b980a5000 ---p 00000000 00:00 0 
7f1b980a5000-7f1b981a5000 rw-p 00000000 00:00 0 
7f1b981a5000-7f1b981a6000 ---p 00000000 00:00 0 
7f1b981a6000-7f1b982a6000 rw-p 00000000 00:00 0 
7f1b982a6000-7f1b982a7000 ---p 00000000 00:00 0 
7f1b982a7000-7f1b983a7000 rw-p 00000000 00:00 0 
7f1b983a7000-7f1b983a8000 ---p 00000000 00:00 0 
7f1b983a8000-7f1b985ab000 rw-p 00000000 00:00 0 
7f1b985ab000-7f1b98737000 ---p 00000000 00:00 0 
7f1b98737000-7f1b9883a000 rw-p 00000000 00:00 0 
7f1b9883a000-7f1b989c5000 ---p 00000000 00:00 0 
7f1b989c5000-7f1b98b0d000 rw-p 00000000 00:00 0 
7f1b98b0d000-7f1b98b29000 rw-p 00000000 00:00 0 
7f1b98b29000-7f1b98ece000 ---p 00000000 00:00 0 
7f1b98ece000-7f1b98ed6000 r-xp 00000000 08:01 25173650                   /usr/lib/jvm/java-8-openjdk-amd64/jre/lib/amd64/libzip.so
7f1b98ed6000-7f1b990d5000 ---p 00008000 08:01 25173650                   /usr/lib/jvm/java-8-openjdk-amd64/jre/lib/amd64/libzip.so
7f1b990d5000-7f1b990d6000 r--p 00007000 08:01 25173650                   /usr/lib/jvm/java-8-openjdk-amd64/jre/lib/amd64/libzip.so
7f1b990d6000-7f1b990d7000 rw-p 00008000 08:01 25173650                   /usr/lib/jvm/java-8-openjdk-amd64/jre/lib/amd64/libzip.so
7f1b990d7000-7f1b990e2000 r-xp 00000000 08:01 16777669                   /lib/x86_64-linux-gnu/libnss_files-2.27.so
7f1b990e2000-7f1b992e1000 ---p 0000b000 08:01 16777669                   /lib/x86_64-linux-gnu/libnss_files-2.27.so
7f1b992e1000-7f1b992e2000 r--p 0000a000 08:01 16777669                   /lib/x86_64-linux-gnu/libnss_files-2.27.so
7f1b992e2000-7f1b992e3000 rw-p 0000b000 08:01 16777669                   /lib/x86_64-linux-gnu/libnss_files-2.27.so
7f1b992e3000-7f1b992e9000 rw-p 00000000 00:00 0 
7f1b992e9000-7f1b99300000 r-xp 00000000 08:01 16777665                   /lib/x86_64-linux-gnu/libnsl-2.27.so
7f1b99300000-7f1b994ff000 ---p 00017000 08:01 16777665                   /lib/x86_64-linux-gnu/libnsl-2.27.so
7f1b994ff000-7f1b99500000 r--p 00016000 08:01 16777665                   /lib/x86_64-linux-gnu/libnsl-2.27.so
7f1b99500000-7f1b99501000 rw-p 00017000 08:01 16777665                   /lib/x86_64-linux-gnu/libnsl-2.27.so
7f1b99501000-7f1b99503000 rw-p 00000000 00:00 0 
7f1b99503000-7f1b9950e000 r-xp 00000000 08:01 16777671                   /lib/x86_64-linux-gnu/libnss_nis-2.27.so
7f1b9950e000-7f1b9970d000 ---p 0000b000 08:01 16777671                   /lib/x86_64-linux-gnu/libnss_nis-2.27.so
7f1b9970d000-7f1b9970e000 r--p 0000a000 08:01 16777671                   /lib/x86_64-linux-gnu/libnss_nis-2.27.so
7f1b9970e000-7f1b9970f000 rw-p 0000b000 08:01 16777671                   /lib/x86_64-linux-gnu/libnss_nis-2.27.so
7f1b9970f000-7f1b99717000 r-xp 00000000 08:01 16777667                   /lib/x86_64-linux-gnu/libnss_compat-2.27.so
7f1b99717000-7f1b99917000 ---p 00008000 08:01 16777667                   /lib/x86_64-linux-gnu/libnss_compat-2.27.so
7f1b99917000-7f1b99918000 r--p 00008000 08:01 16777667                   /lib/x86_64-linux-gnu/libnss_compat-2.27.so
7f1b99918000-7f1b99919000 rw-p 00009000 08:01 16777667                   /lib/x86_64-linux-gnu/libnss_compat-2.27.so
7f1b99919000-7f1b99943000 r-xp 00000000 08:01 25165898                   /usr/lib/jvm/java-8-openjdk-amd64/jre/lib/amd64/libjava.so
7f1b99943000-7f1b99b42000 ---p 0002a000 08:01 25165898                   /usr/lib/jvm/java-8-openjdk-amd64/jre/lib/amd64/libjava.so
7f1b99b42000-7f1b99b43000 r--p 00029000 08:01 25165898                   /usr/lib/jvm/java-8-openjdk-amd64/jre/lib/amd64/libjava.so
7f1b99b43000-7f1b99b45000 rw-p 0002a000 08:01 25165898                   /usr/lib/jvm/java-8-openjdk-amd64/jre/lib/amd64/libjava.so
7f1b99b45000-7f1b99b55000 r-xp 00000000 08:01 25173649                   /usr/lib/jvm/java-8-openjdk-amd64/jre/lib/amd64/libverify.so
7f1b99b55000-7f1b99d54000 ---p 00010000 08:01 25173649                   /usr/lib/jvm/java-8-openjdk-amd64/jre/lib/amd64/libverify.so
7f1b99d54000-7f1b99d56000 r--p 0000f000 08:01 25173649                   /usr/lib/jvm/java-8-openjdk-amd64/jre/lib/amd64/libverify.so
7f1b99d56000-7f1b99d57000 rw-p 00011000 08:01 25173649                   /usr/lib/jvm/java-8-openjdk-amd64/jre/lib/amd64/libverify.so
7f1b99d57000-7f1b99d5e000 r-xp 00000000 08:01 16777676                   /lib/x86_64-linux-gnu/librt-2.27.so
7f1b99d5e000-7f1b99f5d000 ---p 00007000 08:01 16777676                   /lib/x86_64-linux-gnu/librt-2.27.so
7f1b99f5d000-7f1b99f5e000 r--p 00006000 08:01 16777676                   /lib/x86_64-linux-gnu/librt-2.27.so
7f1b99f5e000-7f1b99f5f000 rw-p 00007000 08:01 16777676                   /lib/x86_64-linux-gnu/librt-2.27.so
7f1b99f5f000-7f1b99f76000 r-xp 00000000 08:01 16777717                   /lib/x86_64-linux-gnu/libgcc_s.so.1
7f1b99f76000-7f1b9a175000 ---p 00017000 08:01 16777717                   /lib/x86_64-linux-gnu/libgcc_s.so.1
7f1b9a175000-7f1b9a176000 r--p 00016000 08:01 16777717                   /lib/x86_64-linux-gnu/libgcc_s.so.1
7f1b9a176000-7f1b9a177000 rw-p 00017000 08:01 16777717                   /lib/x86_64-linux-gnu/libgcc_s.so.1
7f1b9a177000-7f1b9a314000 r-xp 00000000 08:01 16777307                   /lib/x86_64-linux-gnu/libm-2.27.so
7f1b9a314000-7f1b9a513000 ---p 0019d000 08:01 16777307                   /lib/x86_64-linux-gnu/libm-2.27.so
7f1b9a513000-7f1b9a514000 r--p 0019c000 08:01 16777307                   /lib/x86_64-linux-gnu/libm-2.27.so
7f1b9a514000-7f1b9a515000 rw-p 0019d000 08:01 16777307                   /lib/x86_64-linux-gnu/libm-2.27.so
7f1b9a515000-7f1b9a68e000 r-xp 00000000 08:01 20840512                   /usr/lib/x86_64-linux-gnu/libstdc++.so.6.0.25
7f1b9a68e000-7f1b9a88e000 ---p 00179000 08:01 20840512                   /usr/lib/x86_64-linux-gnu/libstdc++.so.6.0.25
7f1b9a88e000-7f1b9a898000 r--p 00179000 08:01 20840512                   /usr/lib/x86_64-linux-gnu/libstdc++.so.6.0.25
7f1b9a898000-7f1b9a89a000 rw-p 00183000 08:01 20840512                   /usr/lib/x86_64-linux-gnu/libstdc++.so.6.0.25
7f1b9a89a000-7f1b9a89e000 rw-p 00000000 00:00 0 
7f1b9a89e000-7f1b9b53d000 r-xp 00000000 08:01 25173652                   /usr/lib/jvm/java-8-openjdk-amd64/jre/lib/amd64/server/libjvm.so
7f1b9b53d000-7f1b9b73d000 ---p 00c9f000 08:01 25173652                   /usr/lib/jvm/java-8-openjdk-amd64/jre/lib/amd64/server/libjvm.so
7f1b9b73d000-7f1b9b7d1000 r--p 00c9f000 08:01 25173652                   /usr/lib/jvm/java-8-openjdk-amd64/jre/lib/amd64/server/libjvm.so
7f1b9b7d1000-7f1b9b7fa000 rw-p 00d33000 08:01 25173652                   /usr/lib/jvm/java-8-openjdk-amd64/jre/lib/amd64/server/libjvm.so
7f1b9b7fa000-7f1b9b82a000 rw-p 00000000 00:00 0 
7f1b9b82a000-7f1b9b844000 r-xp 00000000 08:01 16777674                   /lib/x86_64-linux-gnu/libpthread-2.27.so
7f1b9b844000-7f1b9ba43000 ---p 0001a000 08:01 16777674                   /lib/x86_64-linux-gnu/libpthread-2.27.so
7f1b9ba43000-7f1b9ba44000 r--p 00019000 08:01 16777674                   /lib/x86_64-linux-gnu/libpthread-2.27.so
7f1b9ba44000-7f1b9ba45000 rw-p 0001a000 08:01 16777674                   /lib/x86_64-linux-gnu/libpthread-2.27.so
7f1b9ba45000-7f1b9ba49000 rw-p 00000000 00:00 0 
7f1b9ba49000-7f1b9ba4c000 r-xp 00000000 08:01 16777305                   /lib/x86_64-linux-gnu/libdl-2.27.so
7f1b9ba4c000-7f1b9bc4b000 ---p 00003000 08:01 16777305                   /lib/x86_64-linux-gnu/libdl-2.27.so
7f1b9bc4b000-7f1b9bc4c000 r--p 00002000 08:01 16777305                   /lib/x86_64-linux-gnu/libdl-2.27.so
7f1b9bc4c000-7f1b9bc4d000 rw-p 00003000 08:01 16777305                   /lib/x86_64-linux-gnu/libdl-2.27.so
7f1b9bc4d000-7f1b9bc69000 r-xp 00000000 08:01 16777705                   /lib/x86_64-linux-gnu/libz.so.1.2.11
7f1b9bc69000-7f1b9be68000 ---p 0001c000 08:01 16777705                   /lib/x86_64-linux-gnu/libz.so.1.2.11
7f1b9be68000-7f1b9be69000 r--p 0001b000 08:01 16777705                   /lib/x86_64-linux-gnu/libz.so.1.2.11
7f1b9be69000-7f1b9be6a000 rw-p 0001c000 08:01 16777705                   /lib/x86_64-linux-gnu/libz.so.1.2.11
7f1b9be6a000-7f1b9c051000 r-xp 00000000 08:01 16777300                   /lib/x86_64-linux-gnu/libc-2.27.so
7f1b9c051000-7f1b9c251000 ---p 001e7000 08:01 16777300                   /lib/x86_64-linux-gnu/libc-2.27.so
7f1b9c251000-7f1b9c255000 r--p 001e7000 08:01 16777300                   /lib/x86_64-linux-gnu/libc-2.27.so
7f1b9c255000-7f1b9c257000 rw-p 001eb000 08:01 16777300                   /lib/x86_64-linux-gnu/libc-2.27.so
7f1b9c257000-7f1b9c25b000 rw-p 00000000 00:00 0 
7f1b9c25b000-7f1b9c269000 r-xp 00000000 08:01 25165882                   /usr/lib/jvm/java-8-openjdk-amd64/jre/lib/amd64/jli/libjli.so
7f1b9c269000-7f1b9c468000 ---p 0000e000 08:01 25165882                   /usr/lib/jvm/java-8-openjdk-amd64/jre/lib/amd64/jli/libjli.so
7f1b9c468000-7f1b9c469000 r--p 0000d000 08:01 25165882                   /usr/lib/jvm/java-8-openjdk-amd64/jre/lib/amd64/jli/libjli.so
7f1b9c469000-7f1b9c46a000 rw-p 0000e000 08:01 25165882                   /usr/lib/jvm/java-8-openjdk-amd64/jre/lib/amd64/jli/libjli.so
7f1b9c46a000-7f1b9c491000 r-xp 00000000 08:01 16777240                   /lib/x86_64-linux-gnu/ld-2.27.so
7f1b9c491000-7f1b9c494000 r--s 0000f000 08:01 25173660                   /usr/lib/jvm/java-8-openjdk-amd64/jre/lib/ext/icedtea-sound.jar
7f1b9c494000-7f1b9c497000 r--s 00039000 08:01 25173666                   /usr/lib/jvm/java-8-openjdk-amd64/jre/lib/ext/sunpkcs11.jar
7f1b9c497000-7f1b9c562000 rw-p 00000000 00:00 0 
7f1b9c562000-7f1b9c563000 ---p 00000000 00:00 0 
7f1b9c563000-7f1b9c566000 ---p 00000000 00:00 0 
7f1b9c566000-7f1b9c665000 rw-p 00000000 00:00 0 
7f1b9c665000-7f1b9c666000 r--s 00010000 08:01 25173667                   /usr/lib/jvm/java-8-openjdk-amd64/jre/lib/ext/zipfs.jar
7f1b9c666000-7f1b9c668000 r--s 0000d000 08:01 25165860                   /usr/lib/jvm/java-8-openjdk-amd64/jre/lib/ext/RXTXcomm.jar
7f1b9c668000-7f1b9c66a000 r--s 00001000 08:01 25173659                   /usr/lib/jvm/java-8-openjdk-amd64/jre/lib/ext/dnsns.jar
7f1b9c66a000-7f1b9c685000 r--s 001d6000 08:01 25173663                   /usr/lib/jvm/java-8-openjdk-amd64/jre/lib/ext/nashorn.jar
7f1b9c685000-7f1b9c68d000 rw-s 00000000 08:01 15341197                   /tmp/hsperfdata_jose/8724
7f1b9c68d000-7f1b9c68e000 rw-p 00000000 00:00 0 
7f1b9c68e000-7f1b9c68f000 ---p 00000000 00:00 0 
7f1b9c68f000-7f1b9c691000 rw-p 00000000 00:00 0 
7f1b9c691000-7f1b9c692000 r--p 00027000 08:01 16777240                   /lib/x86_64-linux-gnu/ld-2.27.so
7f1b9c692000-7f1b9c693000 rw-p 00028000 08:01 16777240                   /lib/x86_64-linux-gnu/ld-2.27.so
7f1b9c693000-7f1b9c694000 rw-p 00000000 00:00 0 
7ffea9cb7000-7ffea9cd8000 rw-p 00000000 00:00 0                          [stack]
7ffea9d84000-7ffea9d87000 r--p 00000000 00:00 0                          [vvar]
7ffea9d87000-7ffea9d89000 r-xp 00000000 00:00 0                          [vdso]
ffffffffff600000-ffffffffff601000 r-xp 00000000 00:00 0                  [vsyscall]

VM Arguments:
jvm_args: -Dfile.encoding=UTF-8 
java_command: barraprogreso.BarraProgreso
java_class_path (initial): /home/jose/NetBeansProjects/MultiThread/build/classes
Launcher Type: SUN_STANDARD

Environment Variables:
PATH=/home/jose/bin:/home/jose/.local/bin:/usr/local/sbin:/usr/local/bin:/usr/sbin:/usr/bin:/sbin:/bin:/usr/games:/usr/local/games:/snap/bin
USERNAME=jose
LD_LIBRARY_PATH=/usr/lib/jvm/java-8-openjdk-amd64/jre/lib/amd64:/usr/lib/jvm/java-8-openjdk-amd64/jre/lib/i386:
SHELL=/bin/bash
DISPLAY=:1

Signal Handlers:
SIGSEGV: [libjvm.so+0xab92f0], sa_mask[0]=11111111011111111101111111111110, sa_flags=SA_RESTART|SA_SIGINFO
SIGBUS: [libjvm.so+0xab92f0], sa_mask[0]=11111111011111111101111111111110, sa_flags=SA_RESTART|SA_SIGINFO
SIGFPE: [libjvm.so+0x8ee560], sa_mask[0]=11111111011111111101111111111110, sa_flags=SA_RESTART|SA_SIGINFO
SIGPIPE: [libjvm.so+0x8ee560], sa_mask[0]=11111111011111111101111111111110, sa_flags=SA_RESTART|SA_SIGINFO
SIGXFSZ: [libjvm.so+0x8ee560], sa_mask[0]=11111111011111111101111111111110, sa_flags=SA_RESTART|SA_SIGINFO
SIGILL: [libjvm.so+0x8ee560], sa_mask[0]=11111111011111111101111111111110, sa_flags=SA_RESTART|SA_SIGINFO
SIGUSR1: SIG_DFL, sa_mask[0]=00000000000000000000000000000000, sa_flags=none
SIGUSR2: [libjvm.so+0x8ee410], sa_mask[0]=00100000000000000000000000000000, sa_flags=SA_RESTART|SA_SIGINFO
SIGHUP: [libjvm.so+0x8eea80], sa_mask[0]=11111111011111111101111111111110, sa_flags=SA_RESTART|SA_SIGINFO
SIGINT: SIG_IGN, sa_mask[0]=00000000000000000000000000000000, sa_flags=none
SIGTERM: [libjvm.so+0x8eea80], sa_mask[0]=11111111011111111101111111111110, sa_flags=SA_RESTART|SA_SIGINFO
SIGQUIT: [libjvm.so+0x8eea80], sa_mask[0]=11111111011111111101111111111110, sa_flags=SA_RESTART|SA_SIGINFO


---------------  S Y S T E M  ---------------

OS:DISTRIB_ID=Ubuntu
DISTRIB_RELEASE=18.04
DISTRIB_CODENAME=bionic
DISTRIB_DESCRIPTION="Ubuntu 18.04.3 LTS"

uname:Linux 4.15.0-50-generic #54-Ubuntu SMP Mon May 6 18:46:08 UTC 2019 x86_64
libc:glibc 2.27 NPTL 2.27 
rlimit: STACK 8192k, CORE 0k, NPROC 31010, NOFILE 1048576, AS infinity
load average:30,41 11,85 4,58

/proc/meminfo:
MemTotal:        8044336 kB
MemFree:          114696 kB
MemAvailable:      23412 kB
Buffers:            1100 kB
Cached:           559148 kB
SwapCached:            0 kB
Active:          7055968 kB
Inactive:         549216 kB
Active(anon):    7046624 kB
Inactive(anon):   536292 kB
Active(file):       9344 kB
Inactive(file):    12924 kB
Unevictable:          48 kB
Mlocked:              48 kB
SwapTotal:             0 kB
SwapFree:              0 kB
Dirty:               104 kB
Writeback:           124 kB
AnonPages:       7045204 kB
Mapped:           323560 kB
Shmem:            537760 kB
Slab:             151032 kB
SReclaimable:      75556 kB
SUnreclaim:        75476 kB
KernelStack:       21584 kB
PageTables:        99444 kB
NFS_Unstable:          0 kB
Bounce:                0 kB
WritebackTmp:          0 kB
CommitLimit:     4022168 kB
Committed_AS:   14590468 kB
VmallocTotal:   34359738367 kB
VmallocUsed:           0 kB
VmallocChunk:          0 kB
HardwareCorrupted:     0 kB
AnonHugePages:         0 kB
ShmemHugePages:        0 kB
ShmemPmdMapped:        0 kB
CmaTotal:              0 kB
CmaFree:               0 kB
HugePages_Total:       0
HugePages_Free:        0
HugePages_Rsvd:        0
HugePages_Surp:        0
Hugepagesize:       2048 kB
DirectMap4k:      261180 kB
DirectMap2M:     8003584 kB
DirectMap1G:           0 kB

container (cgroup) information:
container_type: cgroupv1
cpu_cpuset_cpus: 0-3
cpu_memory_nodes: 0
active_processor_count: 4
cpu_quota: -1
cpu_period: 100000
cpu_shares: -1
memory_limit_in_bytes: -1
memory_and_swap_limit_in_bytes: -2
memory_soft_limit_in_bytes: -1
memory_usage_in_bytes: 7795085312
memory_max_usage_in_bytes: 0


CPU:total 4 (initial active 4) (4 cores per cpu, 1 threads per core) family 6 model 94 stepping 3, cmov, cx8, fxsr, mmx, sse, sse2, sse3, ssse3, sse4.1, sse4.2, popcnt, avx, avx2, aes, clmul, erms, 3dnowpref, lzcnt, tsc, tscinvbit, bmi1, bmi2, adx

/proc/cpuinfo:
processor	: 0
vendor_id	: GenuineIntel
cpu family	: 6
model		: 94
model name	: Intel(R) Core(TM) i5-6400 CPU @ 2.70GHz
stepping	: 3
microcode	: 0xcc
cpu MHz		: 800.108
cache size	: 6144 KB
physical id	: 0
siblings	: 4
core id		: 0
cpu cores	: 4
apicid		: 0
initial apicid	: 0
fpu		: yes
fpu_exception	: yes
cpuid level	: 22
wp		: yes
flags		: fpu vme de pse tsc msr pae mce cx8 apic sep mtrr pge mca cmov pat pse36 clflush dts acpi mmx fxsr sse sse2 ss ht tm pbe syscall nx pdpe1gb rdtscp lm constant_tsc art arch_perfmon pebs bts rep_good nopl xtopology nonstop_tsc cpuid aperfmperf tsc_known_freq pni pclmulqdq dtes64 monitor ds_cpl vmx est tm2 ssse3 sdbg fma cx16 xtpr pdcm pcid sse4_1 sse4_2 x2apic movbe popcnt tsc_deadline_timer aes xsave avx f16c rdrand lahf_lm abm 3dnowprefetch cpuid_fault invpcid_single pti ssbd ibrs ibpb stibp tpr_shadow vnmi flexpriority ept vpid fsgsbase tsc_adjust bmi1 avx2 smep bmi2 erms invpcid mpx rdseed adx smap clflushopt intel_pt xsaveopt xsavec xgetbv1 xsaves dtherm ida arat pln pts hwp hwp_notify hwp_act_window hwp_epp md_clear flush_l1d
bugs		: cpu_meltdown spectre_v1 spectre_v2 spec_store_bypass l1tf mds
bogomips	: 5424.00
clflush size	: 64
cache_alignment	: 64
address sizes	: 39 bits physical, 48 bits virtual
power management:

processor	: 1
vendor_id	: GenuineIntel
cpu family	: 6
model		: 94
model name	: Intel(R) Core(TM) i5-6400 CPU @ 2.70GHz
stepping	: 3
microcode	: 0xcc
cpu MHz		: 800.000
cache size	: 6144 KB
physical id	: 0
siblings	: 4
core id		: 1
cpu cores	: 4
apicid		: 2
initial apicid	: 2
fpu		: yes
fpu_exception	: yes
cpuid level	: 22
wp		: yes
flags		: fpu vme de pse tsc msr pae mce cx8 apic sep mtrr pge mca cmov pat pse36 clflush dts acpi mmx fxsr sse sse2 ss ht tm pbe syscall nx pdpe1gb rdtscp lm constant_tsc art arch_perfmon pebs bts rep_good nopl xtopology nonstop_tsc cpuid aperfmperf tsc_known_freq pni pclmulqdq dtes64 monitor ds_cpl vmx est tm2 ssse3 sdbg fma cx16 xtpr pdcm pcid sse4_1 sse4_2 x2apic movbe popcnt tsc_deadline_timer aes xsave avx f16c rdrand lahf_lm abm 3dnowprefetch cpuid_fault invpcid_single pti ssbd ibrs ibpb stibp tpr_shadow vnmi flexpriority ept vpid fsgsbase tsc_adjust bmi1 avx2 smep bmi2 erms invpcid mpx rdseed adx smap clflushopt intel_pt xsaveopt xsavec xgetbv1 xsaves dtherm ida arat pln pts hwp hwp_notify hwp_act_window hwp_epp md_clear flush_l1d
bugs		: cpu_meltdown spectre_v1 spectre_v2 spec_store_bypass l1tf mds
bogomips	: 5424.00
clflush size	: 64
cache_alignment	: 64
address sizes	: 39 bits physical, 48 bits virtual
power management:

processor	: 2
vendor_id	: GenuineIntel
cpu family	: 6
model		: 94
model name	: Intel(R) Core(TM) i5-6400 CPU @ 2.70GHz
stepping	: 3
microcode	: 0xcc
cpu MHz		: 799.994
cache size	: 6144 KB
physical id	: 0
siblings	: 4
core id		: 2
cpu cores	: 4
apicid		: 4
initial apicid	: 4
fpu		: yes
fpu_exception	: yes
cpuid level	: 22
wp		: yes
flags		: fpu vme de pse tsc msr pae mce cx8 apic sep mtrr pge mca cmov pat pse36 clflush dts acpi mmx fxsr sse sse2 ss ht tm pbe syscall nx pdpe1gb rdtscp lm constant_tsc art arch_perfmon pebs bts rep_good nopl xtopology nonstop_tsc cpuid aperfmperf tsc_known_freq pni pclmulqdq dtes64 monitor ds_cpl vmx est tm2 ssse3 sdbg fma cx16 xtpr pdcm pcid sse4_1 sse4_2 x2apic movbe popcnt tsc_deadline_timer aes xsave avx f16c rdrand lahf_lm abm 3dnowprefetch cpuid_fault invpcid_single pti ssbd ibrs ibpb stibp tpr_shadow vnmi flexpriority ept vpid fsgsbase tsc_adjust bmi1 avx2 smep bmi2 erms invpcid mpx rdseed adx smap clflushopt intel_pt xsaveopt xsavec xgetbv1 xsaves dtherm ida arat pln pts hwp hwp_notify hwp_act_window hwp_epp md_clear flush_l1d
bugs		: cpu_meltdown spectre_v1 spectre_v2 spec_store_bypass l1tf mds
bogomips	: 5424.00
clflush size	: 64
cache_alignment	: 64
address sizes	: 39 bits physical, 48 bits virtual
power management:

processor	: 3
vendor_id	: GenuineIntel
cpu family	: 6
model		: 94
model name	: Intel(R) Core(TM) i5-6400 CPU @ 2.70GHz
stepping	: 3
microcode	: 0xcc
cpu MHz		: 799.999
cache size	: 6144 KB
physical id	: 0
siblings	: 4
core id		: 3
cpu cores	: 4
apicid		: 6
initial apicid	: 6
fpu		: yes
fpu_exception	: yes
cpuid level	: 22
wp		: yes
flags		: fpu vme de pse tsc msr pae mce cx8 apic sep mtrr pge mca cmov pat pse36 clflush dts acpi mmx fxsr sse sse2 ss ht tm pbe syscall nx pdpe1gb rdtscp lm constant_tsc art arch_perfmon pebs bts rep_good nopl xtopology nonstop_tsc cpuid aperfmperf tsc_known_freq pni pclmulqdq dtes64 monitor ds_cpl vmx est tm2 ssse3 sdbg fma cx16 xtpr pdcm pcid sse4_1 sse4_2 x2apic movbe popcnt tsc_deadline_timer aes xsave avx f16c rdrand lahf_lm abm 3dnowprefetch cpuid_fault invpcid_single pti ssbd ibrs ibpb stibp tpr_shadow vnmi flexpriority ept vpid fsgsbase tsc_adjust bmi1 avx2 smep bmi2 erms invpcid mpx rdseed adx smap clflushopt intel_pt xsaveopt xsavec xgetbv1 xsaves dtherm ida arat pln pts hwp hwp_notify hwp_act_window hwp_epp md_clear flush_l1d
bugs		: cpu_meltdown spectre_v1 spectre_v2 spec_store_bypass l1tf mds
bogomips	: 5424.00
clflush size	: 64
cache_alignment	: 64
address sizes	: 39 bits physical, 48 bits virtual
power management:



Memory: 4k page, physical 8044336k(106760k free), swap 0k(0k free)

vm_info: OpenJDK 64-Bit Server VM (25.222-b10) for linux-amd64 JRE (1.8.0_222-8u222-b10-1ubuntu1~18.04.1-b10), built on Jul 18 2019 18:52:48 by "buildd" with gcc 7.4.0

time: Thu Sep 26 13:50:28 2019
timezone: CEST
elapsed time: 192 seconds (0d 0h 3m 12s)

